<?xml version="1.0" encoding="UTF-8"?>
<testsuites name="jest tests" tests="26" failures="26" errors="0" time="5.766">
  <testsuite name="Auth Module (E2E)" errors="0" failures="15" skipped="0" timestamp="2026-01-20T21:31:27" time="4.433" tests="15">
    <testcase classname="Auth Module (E2E) POST /api/v1/auth/register should register a new user" name="Auth Module (E2E) POST /api/v1/auth/register should register a new user" time="0.006">
      <failure>Error: accountSid must start with AC
    at Twilio.setAccountSid (/home/dheeraj/Documents/myprjct/demigod/node_modules/.pnpm/twilio@5.11.2/node_modules/twilio/lib/base/BaseTwilio.js:94:23)
    at new Client (/home/dheeraj/Documents/myprjct/demigod/node_modules/.pnpm/twilio@5.11.2/node_modules/twilio/lib/base/BaseTwilio.js:56:18)
    at new Twilio (/home/dheeraj/Documents/myprjct/demigod/node_modules/.pnpm/twilio@5.11.2/node_modules/twilio/lib/rest/Twilio.js:33:9)
    at new TwilioSMSProvider (/home/dheeraj/Documents/myprjct/demigod/apps/demi-service/src/modules/notification/providers/twilio-sms.provider.ts:29:21)
    at TestingInjector.instantiateClass (/home/dheeraj/Documents/myprjct/demigod/node_modules/.pnpm/@nestjs+core@11.1.11_@nestjs+common@11.1.11_class-transformer@0.5.1_class-validator@0.1_f21698ce7579297634c2f3d29d9e4f76/node_modules/@nestjs/core/injector/injector.js:422:19)
    at callback (/home/dheeraj/Documents/myprjct/demigod/node_modules/.pnpm/@nestjs+core@11.1.11_@nestjs+common@11.1.11_class-transformer@0.5.1_class-validator@0.1_f21698ce7579297634c2f3d29d9e4f76/node_modules/@nestjs/core/injector/injector.js:70:45)
    at processTicksAndRejections (node:internal/process/task_queues:103:5)
    at TestingInjector.resolveConstructorParams (/home/dheeraj/Documents/myprjct/demigod/node_modules/.pnpm/@nestjs+core@11.1.11_@nestjs+common@11.1.11_class-transformer@0.5.1_class-validator@0.1_f21698ce7579297634c2f3d29d9e4f76/node_modules/@nestjs/core/injector/injector.js:170:24)
    at TestingInjector.loadInstance (/home/dheeraj/Documents/myprjct/demigod/node_modules/.pnpm/@nestjs+core@11.1.11_@nestjs+common@11.1.11_class-transformer@0.5.1_class-validator@0.1_f21698ce7579297634c2f3d29d9e4f76/node_modules/@nestjs/core/injector/injector.js:75:13)
    at TestingInjector.loadProvider (/home/dheeraj/Documents/myprjct/demigod/node_modules/.pnpm/@nestjs+core@11.1.11_@nestjs+common@11.1.11_class-transformer@0.5.1_class-validator@0.1_f21698ce7579297634c2f3d29d9e4f76/node_modules/@nestjs/core/injector/injector.js:103:9)
    at /home/dheeraj/Documents/myprjct/demigod/node_modules/.pnpm/@nestjs+core@11.1.11_@nestjs+common@11.1.11_class-transformer@0.5.1_class-validator@0.1_f21698ce7579297634c2f3d29d9e4f76/node_modules/@nestjs/core/injector/instance-loader.js:56:13
    at async Promise.all (index 11)
    at TestingInstanceLoader.createInstancesOfProviders (/home/dheeraj/Documents/myprjct/demigod/node_modules/.pnpm/@nestjs+core@11.1.11_@nestjs+common@11.1.11_class-transformer@0.5.1_class-validator@0.1_f21698ce7579297634c2f3d29d9e4f76/node_modules/@nestjs/core/injector/instance-loader.js:55:9)
    at /home/dheeraj/Documents/myprjct/demigod/node_modules/.pnpm/@nestjs+core@11.1.11_@nestjs+common@11.1.11_class-transformer@0.5.1_class-validator@0.1_f21698ce7579297634c2f3d29d9e4f76/node_modules/@nestjs/core/injector/instance-loader.js:40:13
    at async Promise.all (index 16)
    at TestingInstanceLoader.createInstances (/home/dheeraj/Documents/myprjct/demigod/node_modules/.pnpm/@nestjs+core@11.1.11_@nestjs+common@11.1.11_class-transformer@0.5.1_class-validator@0.1_f21698ce7579297634c2f3d29d9e4f76/node_modules/@nestjs/core/injector/instance-loader.js:39:9)
    at TestingInstanceLoader.createInstancesOfDependencies (/home/dheeraj/Documents/myprjct/demigod/node_modules/.pnpm/@nestjs+core@11.1.11_@nestjs+common@11.1.11_class-transformer@0.5.1_class-validator@0.1_f21698ce7579297634c2f3d29d9e4f76/node_modules/@nestjs/core/injector/instance-loader.js:22:13)
    at TestingInstanceLoader.createInstancesOfDependencies (/home/dheeraj/Documents/myprjct/demigod/node_modules/.pnpm/@nestjs+testing@11.1.11_@nestjs+common@11.1.11_class-transformer@0.5.1_class-validator@_3fc36f2f1c7ab9cbb54b77e0b685ec37/node_modules/@nestjs/testing/testing-instance-loader.js:9:9)
    at TestingModuleBuilder.createInstancesOfDependencies (/home/dheeraj/Documents/myprjct/demigod/node_modules/.pnpm/@nestjs+testing@11.1.11_@nestjs+common@11.1.11_class-transformer@0.5.1_class-validator@_3fc36f2f1c7ab9cbb54b77e0b685ec37/node_modules/@nestjs/testing/testing-module.builder.js:118:9)
    at TestingModuleBuilder.compile (/home/dheeraj/Documents/myprjct/demigod/node_modules/.pnpm/@nestjs+testing@11.1.11_@nestjs+common@11.1.11_class-transformer@0.5.1_class-validator@_3fc36f2f1c7ab9cbb54b77e0b685ec37/node_modules/@nestjs/testing/testing-module.builder.js:74:9)
    at Object.&lt;anonymous&gt; (/home/dheeraj/Documents/myprjct/demigod/apps/demi-service/test/e2e/auth.e2e-spec.ts:15:42)</failure>
    </testcase>
    <testcase classname="Auth Module (E2E) POST /api/v1/auth/register should reject duplicate email" name="Auth Module (E2E) POST /api/v1/auth/register should reject duplicate email" time="0">
      <failure>Error: accountSid must start with AC
    at Twilio.setAccountSid (/home/dheeraj/Documents/myprjct/demigod/node_modules/.pnpm/twilio@5.11.2/node_modules/twilio/lib/base/BaseTwilio.js:94:23)
    at new Client (/home/dheeraj/Documents/myprjct/demigod/node_modules/.pnpm/twilio@5.11.2/node_modules/twilio/lib/base/BaseTwilio.js:56:18)
    at new Twilio (/home/dheeraj/Documents/myprjct/demigod/node_modules/.pnpm/twilio@5.11.2/node_modules/twilio/lib/rest/Twilio.js:33:9)
    at new TwilioSMSProvider (/home/dheeraj/Documents/myprjct/demigod/apps/demi-service/src/modules/notification/providers/twilio-sms.provider.ts:29:21)
    at TestingInjector.instantiateClass (/home/dheeraj/Documents/myprjct/demigod/node_modules/.pnpm/@nestjs+core@11.1.11_@nestjs+common@11.1.11_class-transformer@0.5.1_class-validator@0.1_f21698ce7579297634c2f3d29d9e4f76/node_modules/@nestjs/core/injector/injector.js:422:19)
    at callback (/home/dheeraj/Documents/myprjct/demigod/node_modules/.pnpm/@nestjs+core@11.1.11_@nestjs+common@11.1.11_class-transformer@0.5.1_class-validator@0.1_f21698ce7579297634c2f3d29d9e4f76/node_modules/@nestjs/core/injector/injector.js:70:45)
    at processTicksAndRejections (node:internal/process/task_queues:103:5)
    at TestingInjector.resolveConstructorParams (/home/dheeraj/Documents/myprjct/demigod/node_modules/.pnpm/@nestjs+core@11.1.11_@nestjs+common@11.1.11_class-transformer@0.5.1_class-validator@0.1_f21698ce7579297634c2f3d29d9e4f76/node_modules/@nestjs/core/injector/injector.js:170:24)
    at TestingInjector.loadInstance (/home/dheeraj/Documents/myprjct/demigod/node_modules/.pnpm/@nestjs+core@11.1.11_@nestjs+common@11.1.11_class-transformer@0.5.1_class-validator@0.1_f21698ce7579297634c2f3d29d9e4f76/node_modules/@nestjs/core/injector/injector.js:75:13)
    at TestingInjector.loadProvider (/home/dheeraj/Documents/myprjct/demigod/node_modules/.pnpm/@nestjs+core@11.1.11_@nestjs+common@11.1.11_class-transformer@0.5.1_class-validator@0.1_f21698ce7579297634c2f3d29d9e4f76/node_modules/@nestjs/core/injector/injector.js:103:9)
    at /home/dheeraj/Documents/myprjct/demigod/node_modules/.pnpm/@nestjs+core@11.1.11_@nestjs+common@11.1.11_class-transformer@0.5.1_class-validator@0.1_f21698ce7579297634c2f3d29d9e4f76/node_modules/@nestjs/core/injector/instance-loader.js:56:13
    at async Promise.all (index 11)
    at TestingInstanceLoader.createInstancesOfProviders (/home/dheeraj/Documents/myprjct/demigod/node_modules/.pnpm/@nestjs+core@11.1.11_@nestjs+common@11.1.11_class-transformer@0.5.1_class-validator@0.1_f21698ce7579297634c2f3d29d9e4f76/node_modules/@nestjs/core/injector/instance-loader.js:55:9)
    at /home/dheeraj/Documents/myprjct/demigod/node_modules/.pnpm/@nestjs+core@11.1.11_@nestjs+common@11.1.11_class-transformer@0.5.1_class-validator@0.1_f21698ce7579297634c2f3d29d9e4f76/node_modules/@nestjs/core/injector/instance-loader.js:40:13
    at async Promise.all (index 16)
    at TestingInstanceLoader.createInstances (/home/dheeraj/Documents/myprjct/demigod/node_modules/.pnpm/@nestjs+core@11.1.11_@nestjs+common@11.1.11_class-transformer@0.5.1_class-validator@0.1_f21698ce7579297634c2f3d29d9e4f76/node_modules/@nestjs/core/injector/instance-loader.js:39:9)
    at TestingInstanceLoader.createInstancesOfDependencies (/home/dheeraj/Documents/myprjct/demigod/node_modules/.pnpm/@nestjs+core@11.1.11_@nestjs+common@11.1.11_class-transformer@0.5.1_class-validator@0.1_f21698ce7579297634c2f3d29d9e4f76/node_modules/@nestjs/core/injector/instance-loader.js:22:13)
    at TestingInstanceLoader.createInstancesOfDependencies (/home/dheeraj/Documents/myprjct/demigod/node_modules/.pnpm/@nestjs+testing@11.1.11_@nestjs+common@11.1.11_class-transformer@0.5.1_class-validator@_3fc36f2f1c7ab9cbb54b77e0b685ec37/node_modules/@nestjs/testing/testing-instance-loader.js:9:9)
    at TestingModuleBuilder.createInstancesOfDependencies (/home/dheeraj/Documents/myprjct/demigod/node_modules/.pnpm/@nestjs+testing@11.1.11_@nestjs+common@11.1.11_class-transformer@0.5.1_class-validator@_3fc36f2f1c7ab9cbb54b77e0b685ec37/node_modules/@nestjs/testing/testing-module.builder.js:118:9)
    at TestingModuleBuilder.compile (/home/dheeraj/Documents/myprjct/demigod/node_modules/.pnpm/@nestjs+testing@11.1.11_@nestjs+common@11.1.11_class-transformer@0.5.1_class-validator@_3fc36f2f1c7ab9cbb54b77e0b685ec37/node_modules/@nestjs/testing/testing-module.builder.js:74:9)
    at Object.&lt;anonymous&gt; (/home/dheeraj/Documents/myprjct/demigod/apps/demi-service/test/e2e/auth.e2e-spec.ts:15:42)</failure>
    </testcase>
    <testcase classname="Auth Module (E2E) POST /api/v1/auth/register should reject weak password" name="Auth Module (E2E) POST /api/v1/auth/register should reject weak password" time="0">
      <failure>Error: accountSid must start with AC
    at Twilio.setAccountSid (/home/dheeraj/Documents/myprjct/demigod/node_modules/.pnpm/twilio@5.11.2/node_modules/twilio/lib/base/BaseTwilio.js:94:23)
    at new Client (/home/dheeraj/Documents/myprjct/demigod/node_modules/.pnpm/twilio@5.11.2/node_modules/twilio/lib/base/BaseTwilio.js:56:18)
    at new Twilio (/home/dheeraj/Documents/myprjct/demigod/node_modules/.pnpm/twilio@5.11.2/node_modules/twilio/lib/rest/Twilio.js:33:9)
    at new TwilioSMSProvider (/home/dheeraj/Documents/myprjct/demigod/apps/demi-service/src/modules/notification/providers/twilio-sms.provider.ts:29:21)
    at TestingInjector.instantiateClass (/home/dheeraj/Documents/myprjct/demigod/node_modules/.pnpm/@nestjs+core@11.1.11_@nestjs+common@11.1.11_class-transformer@0.5.1_class-validator@0.1_f21698ce7579297634c2f3d29d9e4f76/node_modules/@nestjs/core/injector/injector.js:422:19)
    at callback (/home/dheeraj/Documents/myprjct/demigod/node_modules/.pnpm/@nestjs+core@11.1.11_@nestjs+common@11.1.11_class-transformer@0.5.1_class-validator@0.1_f21698ce7579297634c2f3d29d9e4f76/node_modules/@nestjs/core/injector/injector.js:70:45)
    at processTicksAndRejections (node:internal/process/task_queues:103:5)
    at TestingInjector.resolveConstructorParams (/home/dheeraj/Documents/myprjct/demigod/node_modules/.pnpm/@nestjs+core@11.1.11_@nestjs+common@11.1.11_class-transformer@0.5.1_class-validator@0.1_f21698ce7579297634c2f3d29d9e4f76/node_modules/@nestjs/core/injector/injector.js:170:24)
    at TestingInjector.loadInstance (/home/dheeraj/Documents/myprjct/demigod/node_modules/.pnpm/@nestjs+core@11.1.11_@nestjs+common@11.1.11_class-transformer@0.5.1_class-validator@0.1_f21698ce7579297634c2f3d29d9e4f76/node_modules/@nestjs/core/injector/injector.js:75:13)
    at TestingInjector.loadProvider (/home/dheeraj/Documents/myprjct/demigod/node_modules/.pnpm/@nestjs+core@11.1.11_@nestjs+common@11.1.11_class-transformer@0.5.1_class-validator@0.1_f21698ce7579297634c2f3d29d9e4f76/node_modules/@nestjs/core/injector/injector.js:103:9)
    at /home/dheeraj/Documents/myprjct/demigod/node_modules/.pnpm/@nestjs+core@11.1.11_@nestjs+common@11.1.11_class-transformer@0.5.1_class-validator@0.1_f21698ce7579297634c2f3d29d9e4f76/node_modules/@nestjs/core/injector/instance-loader.js:56:13
    at async Promise.all (index 11)
    at TestingInstanceLoader.createInstancesOfProviders (/home/dheeraj/Documents/myprjct/demigod/node_modules/.pnpm/@nestjs+core@11.1.11_@nestjs+common@11.1.11_class-transformer@0.5.1_class-validator@0.1_f21698ce7579297634c2f3d29d9e4f76/node_modules/@nestjs/core/injector/instance-loader.js:55:9)
    at /home/dheeraj/Documents/myprjct/demigod/node_modules/.pnpm/@nestjs+core@11.1.11_@nestjs+common@11.1.11_class-transformer@0.5.1_class-validator@0.1_f21698ce7579297634c2f3d29d9e4f76/node_modules/@nestjs/core/injector/instance-loader.js:40:13
    at async Promise.all (index 16)
    at TestingInstanceLoader.createInstances (/home/dheeraj/Documents/myprjct/demigod/node_modules/.pnpm/@nestjs+core@11.1.11_@nestjs+common@11.1.11_class-transformer@0.5.1_class-validator@0.1_f21698ce7579297634c2f3d29d9e4f76/node_modules/@nestjs/core/injector/instance-loader.js:39:9)
    at TestingInstanceLoader.createInstancesOfDependencies (/home/dheeraj/Documents/myprjct/demigod/node_modules/.pnpm/@nestjs+core@11.1.11_@nestjs+common@11.1.11_class-transformer@0.5.1_class-validator@0.1_f21698ce7579297634c2f3d29d9e4f76/node_modules/@nestjs/core/injector/instance-loader.js:22:13)
    at TestingInstanceLoader.createInstancesOfDependencies (/home/dheeraj/Documents/myprjct/demigod/node_modules/.pnpm/@nestjs+testing@11.1.11_@nestjs+common@11.1.11_class-transformer@0.5.1_class-validator@_3fc36f2f1c7ab9cbb54b77e0b685ec37/node_modules/@nestjs/testing/testing-instance-loader.js:9:9)
    at TestingModuleBuilder.createInstancesOfDependencies (/home/dheeraj/Documents/myprjct/demigod/node_modules/.pnpm/@nestjs+testing@11.1.11_@nestjs+common@11.1.11_class-transformer@0.5.1_class-validator@_3fc36f2f1c7ab9cbb54b77e0b685ec37/node_modules/@nestjs/testing/testing-module.builder.js:118:9)
    at TestingModuleBuilder.compile (/home/dheeraj/Documents/myprjct/demigod/node_modules/.pnpm/@nestjs+testing@11.1.11_@nestjs+common@11.1.11_class-transformer@0.5.1_class-validator@_3fc36f2f1c7ab9cbb54b77e0b685ec37/node_modules/@nestjs/testing/testing-module.builder.js:74:9)
    at Object.&lt;anonymous&gt; (/home/dheeraj/Documents/myprjct/demigod/apps/demi-service/test/e2e/auth.e2e-spec.ts:15:42)</failure>
    </testcase>
    <testcase classname="Auth Module (E2E) POST /api/v1/auth/login should login with valid credentials" name="Auth Module (E2E) POST /api/v1/auth/login should login with valid credentials" time="0">
      <failure>Error: accountSid must start with AC
    at Twilio.setAccountSid (/home/dheeraj/Documents/myprjct/demigod/node_modules/.pnpm/twilio@5.11.2/node_modules/twilio/lib/base/BaseTwilio.js:94:23)
    at new Client (/home/dheeraj/Documents/myprjct/demigod/node_modules/.pnpm/twilio@5.11.2/node_modules/twilio/lib/base/BaseTwilio.js:56:18)
    at new Twilio (/home/dheeraj/Documents/myprjct/demigod/node_modules/.pnpm/twilio@5.11.2/node_modules/twilio/lib/rest/Twilio.js:33:9)
    at new TwilioSMSProvider (/home/dheeraj/Documents/myprjct/demigod/apps/demi-service/src/modules/notification/providers/twilio-sms.provider.ts:29:21)
    at TestingInjector.instantiateClass (/home/dheeraj/Documents/myprjct/demigod/node_modules/.pnpm/@nestjs+core@11.1.11_@nestjs+common@11.1.11_class-transformer@0.5.1_class-validator@0.1_f21698ce7579297634c2f3d29d9e4f76/node_modules/@nestjs/core/injector/injector.js:422:19)
    at callback (/home/dheeraj/Documents/myprjct/demigod/node_modules/.pnpm/@nestjs+core@11.1.11_@nestjs+common@11.1.11_class-transformer@0.5.1_class-validator@0.1_f21698ce7579297634c2f3d29d9e4f76/node_modules/@nestjs/core/injector/injector.js:70:45)
    at processTicksAndRejections (node:internal/process/task_queues:103:5)
    at TestingInjector.resolveConstructorParams (/home/dheeraj/Documents/myprjct/demigod/node_modules/.pnpm/@nestjs+core@11.1.11_@nestjs+common@11.1.11_class-transformer@0.5.1_class-validator@0.1_f21698ce7579297634c2f3d29d9e4f76/node_modules/@nestjs/core/injector/injector.js:170:24)
    at TestingInjector.loadInstance (/home/dheeraj/Documents/myprjct/demigod/node_modules/.pnpm/@nestjs+core@11.1.11_@nestjs+common@11.1.11_class-transformer@0.5.1_class-validator@0.1_f21698ce7579297634c2f3d29d9e4f76/node_modules/@nestjs/core/injector/injector.js:75:13)
    at TestingInjector.loadProvider (/home/dheeraj/Documents/myprjct/demigod/node_modules/.pnpm/@nestjs+core@11.1.11_@nestjs+common@11.1.11_class-transformer@0.5.1_class-validator@0.1_f21698ce7579297634c2f3d29d9e4f76/node_modules/@nestjs/core/injector/injector.js:103:9)
    at /home/dheeraj/Documents/myprjct/demigod/node_modules/.pnpm/@nestjs+core@11.1.11_@nestjs+common@11.1.11_class-transformer@0.5.1_class-validator@0.1_f21698ce7579297634c2f3d29d9e4f76/node_modules/@nestjs/core/injector/instance-loader.js:56:13
    at async Promise.all (index 11)
    at TestingInstanceLoader.createInstancesOfProviders (/home/dheeraj/Documents/myprjct/demigod/node_modules/.pnpm/@nestjs+core@11.1.11_@nestjs+common@11.1.11_class-transformer@0.5.1_class-validator@0.1_f21698ce7579297634c2f3d29d9e4f76/node_modules/@nestjs/core/injector/instance-loader.js:55:9)
    at /home/dheeraj/Documents/myprjct/demigod/node_modules/.pnpm/@nestjs+core@11.1.11_@nestjs+common@11.1.11_class-transformer@0.5.1_class-validator@0.1_f21698ce7579297634c2f3d29d9e4f76/node_modules/@nestjs/core/injector/instance-loader.js:40:13
    at async Promise.all (index 16)
    at TestingInstanceLoader.createInstances (/home/dheeraj/Documents/myprjct/demigod/node_modules/.pnpm/@nestjs+core@11.1.11_@nestjs+common@11.1.11_class-transformer@0.5.1_class-validator@0.1_f21698ce7579297634c2f3d29d9e4f76/node_modules/@nestjs/core/injector/instance-loader.js:39:9)
    at TestingInstanceLoader.createInstancesOfDependencies (/home/dheeraj/Documents/myprjct/demigod/node_modules/.pnpm/@nestjs+core@11.1.11_@nestjs+common@11.1.11_class-transformer@0.5.1_class-validator@0.1_f21698ce7579297634c2f3d29d9e4f76/node_modules/@nestjs/core/injector/instance-loader.js:22:13)
    at TestingInstanceLoader.createInstancesOfDependencies (/home/dheeraj/Documents/myprjct/demigod/node_modules/.pnpm/@nestjs+testing@11.1.11_@nestjs+common@11.1.11_class-transformer@0.5.1_class-validator@_3fc36f2f1c7ab9cbb54b77e0b685ec37/node_modules/@nestjs/testing/testing-instance-loader.js:9:9)
    at TestingModuleBuilder.createInstancesOfDependencies (/home/dheeraj/Documents/myprjct/demigod/node_modules/.pnpm/@nestjs+testing@11.1.11_@nestjs+common@11.1.11_class-transformer@0.5.1_class-validator@_3fc36f2f1c7ab9cbb54b77e0b685ec37/node_modules/@nestjs/testing/testing-module.builder.js:118:9)
    at TestingModuleBuilder.compile (/home/dheeraj/Documents/myprjct/demigod/node_modules/.pnpm/@nestjs+testing@11.1.11_@nestjs+common@11.1.11_class-transformer@0.5.1_class-validator@_3fc36f2f1c7ab9cbb54b77e0b685ec37/node_modules/@nestjs/testing/testing-module.builder.js:74:9)
    at Object.&lt;anonymous&gt; (/home/dheeraj/Documents/myprjct/demigod/apps/demi-service/test/e2e/auth.e2e-spec.ts:15:42)</failure>
    </testcase>
    <testcase classname="Auth Module (E2E) POST /api/v1/auth/login should reject invalid credentials" name="Auth Module (E2E) POST /api/v1/auth/login should reject invalid credentials" time="0">
      <failure>Error: accountSid must start with AC
    at Twilio.setAccountSid (/home/dheeraj/Documents/myprjct/demigod/node_modules/.pnpm/twilio@5.11.2/node_modules/twilio/lib/base/BaseTwilio.js:94:23)
    at new Client (/home/dheeraj/Documents/myprjct/demigod/node_modules/.pnpm/twilio@5.11.2/node_modules/twilio/lib/base/BaseTwilio.js:56:18)
    at new Twilio (/home/dheeraj/Documents/myprjct/demigod/node_modules/.pnpm/twilio@5.11.2/node_modules/twilio/lib/rest/Twilio.js:33:9)
    at new TwilioSMSProvider (/home/dheeraj/Documents/myprjct/demigod/apps/demi-service/src/modules/notification/providers/twilio-sms.provider.ts:29:21)
    at TestingInjector.instantiateClass (/home/dheeraj/Documents/myprjct/demigod/node_modules/.pnpm/@nestjs+core@11.1.11_@nestjs+common@11.1.11_class-transformer@0.5.1_class-validator@0.1_f21698ce7579297634c2f3d29d9e4f76/node_modules/@nestjs/core/injector/injector.js:422:19)
    at callback (/home/dheeraj/Documents/myprjct/demigod/node_modules/.pnpm/@nestjs+core@11.1.11_@nestjs+common@11.1.11_class-transformer@0.5.1_class-validator@0.1_f21698ce7579297634c2f3d29d9e4f76/node_modules/@nestjs/core/injector/injector.js:70:45)
    at processTicksAndRejections (node:internal/process/task_queues:103:5)
    at TestingInjector.resolveConstructorParams (/home/dheeraj/Documents/myprjct/demigod/node_modules/.pnpm/@nestjs+core@11.1.11_@nestjs+common@11.1.11_class-transformer@0.5.1_class-validator@0.1_f21698ce7579297634c2f3d29d9e4f76/node_modules/@nestjs/core/injector/injector.js:170:24)
    at TestingInjector.loadInstance (/home/dheeraj/Documents/myprjct/demigod/node_modules/.pnpm/@nestjs+core@11.1.11_@nestjs+common@11.1.11_class-transformer@0.5.1_class-validator@0.1_f21698ce7579297634c2f3d29d9e4f76/node_modules/@nestjs/core/injector/injector.js:75:13)
    at TestingInjector.loadProvider (/home/dheeraj/Documents/myprjct/demigod/node_modules/.pnpm/@nestjs+core@11.1.11_@nestjs+common@11.1.11_class-transformer@0.5.1_class-validator@0.1_f21698ce7579297634c2f3d29d9e4f76/node_modules/@nestjs/core/injector/injector.js:103:9)
    at /home/dheeraj/Documents/myprjct/demigod/node_modules/.pnpm/@nestjs+core@11.1.11_@nestjs+common@11.1.11_class-transformer@0.5.1_class-validator@0.1_f21698ce7579297634c2f3d29d9e4f76/node_modules/@nestjs/core/injector/instance-loader.js:56:13
    at async Promise.all (index 11)
    at TestingInstanceLoader.createInstancesOfProviders (/home/dheeraj/Documents/myprjct/demigod/node_modules/.pnpm/@nestjs+core@11.1.11_@nestjs+common@11.1.11_class-transformer@0.5.1_class-validator@0.1_f21698ce7579297634c2f3d29d9e4f76/node_modules/@nestjs/core/injector/instance-loader.js:55:9)
    at /home/dheeraj/Documents/myprjct/demigod/node_modules/.pnpm/@nestjs+core@11.1.11_@nestjs+common@11.1.11_class-transformer@0.5.1_class-validator@0.1_f21698ce7579297634c2f3d29d9e4f76/node_modules/@nestjs/core/injector/instance-loader.js:40:13
    at async Promise.all (index 16)
    at TestingInstanceLoader.createInstances (/home/dheeraj/Documents/myprjct/demigod/node_modules/.pnpm/@nestjs+core@11.1.11_@nestjs+common@11.1.11_class-transformer@0.5.1_class-validator@0.1_f21698ce7579297634c2f3d29d9e4f76/node_modules/@nestjs/core/injector/instance-loader.js:39:9)
    at TestingInstanceLoader.createInstancesOfDependencies (/home/dheeraj/Documents/myprjct/demigod/node_modules/.pnpm/@nestjs+core@11.1.11_@nestjs+common@11.1.11_class-transformer@0.5.1_class-validator@0.1_f21698ce7579297634c2f3d29d9e4f76/node_modules/@nestjs/core/injector/instance-loader.js:22:13)
    at TestingInstanceLoader.createInstancesOfDependencies (/home/dheeraj/Documents/myprjct/demigod/node_modules/.pnpm/@nestjs+testing@11.1.11_@nestjs+common@11.1.11_class-transformer@0.5.1_class-validator@_3fc36f2f1c7ab9cbb54b77e0b685ec37/node_modules/@nestjs/testing/testing-instance-loader.js:9:9)
    at TestingModuleBuilder.createInstancesOfDependencies (/home/dheeraj/Documents/myprjct/demigod/node_modules/.pnpm/@nestjs+testing@11.1.11_@nestjs+common@11.1.11_class-transformer@0.5.1_class-validator@_3fc36f2f1c7ab9cbb54b77e0b685ec37/node_modules/@nestjs/testing/testing-module.builder.js:118:9)
    at TestingModuleBuilder.compile (/home/dheeraj/Documents/myprjct/demigod/node_modules/.pnpm/@nestjs+testing@11.1.11_@nestjs+common@11.1.11_class-transformer@0.5.1_class-validator@_3fc36f2f1c7ab9cbb54b77e0b685ec37/node_modules/@nestjs/testing/testing-module.builder.js:74:9)
    at Object.&lt;anonymous&gt; (/home/dheeraj/Documents/myprjct/demigod/apps/demi-service/test/e2e/auth.e2e-spec.ts:15:42)</failure>
    </testcase>
    <testcase classname="Auth Module (E2E) POST /api/v1/auth/login should reject non-existent email" name="Auth Module (E2E) POST /api/v1/auth/login should reject non-existent email" time="0">
      <failure>Error: accountSid must start with AC
    at Twilio.setAccountSid (/home/dheeraj/Documents/myprjct/demigod/node_modules/.pnpm/twilio@5.11.2/node_modules/twilio/lib/base/BaseTwilio.js:94:23)
    at new Client (/home/dheeraj/Documents/myprjct/demigod/node_modules/.pnpm/twilio@5.11.2/node_modules/twilio/lib/base/BaseTwilio.js:56:18)
    at new Twilio (/home/dheeraj/Documents/myprjct/demigod/node_modules/.pnpm/twilio@5.11.2/node_modules/twilio/lib/rest/Twilio.js:33:9)
    at new TwilioSMSProvider (/home/dheeraj/Documents/myprjct/demigod/apps/demi-service/src/modules/notification/providers/twilio-sms.provider.ts:29:21)
    at TestingInjector.instantiateClass (/home/dheeraj/Documents/myprjct/demigod/node_modules/.pnpm/@nestjs+core@11.1.11_@nestjs+common@11.1.11_class-transformer@0.5.1_class-validator@0.1_f21698ce7579297634c2f3d29d9e4f76/node_modules/@nestjs/core/injector/injector.js:422:19)
    at callback (/home/dheeraj/Documents/myprjct/demigod/node_modules/.pnpm/@nestjs+core@11.1.11_@nestjs+common@11.1.11_class-transformer@0.5.1_class-validator@0.1_f21698ce7579297634c2f3d29d9e4f76/node_modules/@nestjs/core/injector/injector.js:70:45)
    at processTicksAndRejections (node:internal/process/task_queues:103:5)
    at TestingInjector.resolveConstructorParams (/home/dheeraj/Documents/myprjct/demigod/node_modules/.pnpm/@nestjs+core@11.1.11_@nestjs+common@11.1.11_class-transformer@0.5.1_class-validator@0.1_f21698ce7579297634c2f3d29d9e4f76/node_modules/@nestjs/core/injector/injector.js:170:24)
    at TestingInjector.loadInstance (/home/dheeraj/Documents/myprjct/demigod/node_modules/.pnpm/@nestjs+core@11.1.11_@nestjs+common@11.1.11_class-transformer@0.5.1_class-validator@0.1_f21698ce7579297634c2f3d29d9e4f76/node_modules/@nestjs/core/injector/injector.js:75:13)
    at TestingInjector.loadProvider (/home/dheeraj/Documents/myprjct/demigod/node_modules/.pnpm/@nestjs+core@11.1.11_@nestjs+common@11.1.11_class-transformer@0.5.1_class-validator@0.1_f21698ce7579297634c2f3d29d9e4f76/node_modules/@nestjs/core/injector/injector.js:103:9)
    at /home/dheeraj/Documents/myprjct/demigod/node_modules/.pnpm/@nestjs+core@11.1.11_@nestjs+common@11.1.11_class-transformer@0.5.1_class-validator@0.1_f21698ce7579297634c2f3d29d9e4f76/node_modules/@nestjs/core/injector/instance-loader.js:56:13
    at async Promise.all (index 11)
    at TestingInstanceLoader.createInstancesOfProviders (/home/dheeraj/Documents/myprjct/demigod/node_modules/.pnpm/@nestjs+core@11.1.11_@nestjs+common@11.1.11_class-transformer@0.5.1_class-validator@0.1_f21698ce7579297634c2f3d29d9e4f76/node_modules/@nestjs/core/injector/instance-loader.js:55:9)
    at /home/dheeraj/Documents/myprjct/demigod/node_modules/.pnpm/@nestjs+core@11.1.11_@nestjs+common@11.1.11_class-transformer@0.5.1_class-validator@0.1_f21698ce7579297634c2f3d29d9e4f76/node_modules/@nestjs/core/injector/instance-loader.js:40:13
    at async Promise.all (index 16)
    at TestingInstanceLoader.createInstances (/home/dheeraj/Documents/myprjct/demigod/node_modules/.pnpm/@nestjs+core@11.1.11_@nestjs+common@11.1.11_class-transformer@0.5.1_class-validator@0.1_f21698ce7579297634c2f3d29d9e4f76/node_modules/@nestjs/core/injector/instance-loader.js:39:9)
    at TestingInstanceLoader.createInstancesOfDependencies (/home/dheeraj/Documents/myprjct/demigod/node_modules/.pnpm/@nestjs+core@11.1.11_@nestjs+common@11.1.11_class-transformer@0.5.1_class-validator@0.1_f21698ce7579297634c2f3d29d9e4f76/node_modules/@nestjs/core/injector/instance-loader.js:22:13)
    at TestingInstanceLoader.createInstancesOfDependencies (/home/dheeraj/Documents/myprjct/demigod/node_modules/.pnpm/@nestjs+testing@11.1.11_@nestjs+common@11.1.11_class-transformer@0.5.1_class-validator@_3fc36f2f1c7ab9cbb54b77e0b685ec37/node_modules/@nestjs/testing/testing-instance-loader.js:9:9)
    at TestingModuleBuilder.createInstancesOfDependencies (/home/dheeraj/Documents/myprjct/demigod/node_modules/.pnpm/@nestjs+testing@11.1.11_@nestjs+common@11.1.11_class-transformer@0.5.1_class-validator@_3fc36f2f1c7ab9cbb54b77e0b685ec37/node_modules/@nestjs/testing/testing-module.builder.js:118:9)
    at TestingModuleBuilder.compile (/home/dheeraj/Documents/myprjct/demigod/node_modules/.pnpm/@nestjs+testing@11.1.11_@nestjs+common@11.1.11_class-transformer@0.5.1_class-validator@_3fc36f2f1c7ab9cbb54b77e0b685ec37/node_modules/@nestjs/testing/testing-module.builder.js:74:9)
    at Object.&lt;anonymous&gt; (/home/dheeraj/Documents/myprjct/demigod/apps/demi-service/test/e2e/auth.e2e-spec.ts:15:42)</failure>
    </testcase>
    <testcase classname="Auth Module (E2E) POST /api/v1/auth/refresh should refresh access token" name="Auth Module (E2E) POST /api/v1/auth/refresh should refresh access token" time="0.001">
      <failure>Error: accountSid must start with AC
    at Twilio.setAccountSid (/home/dheeraj/Documents/myprjct/demigod/node_modules/.pnpm/twilio@5.11.2/node_modules/twilio/lib/base/BaseTwilio.js:94:23)
    at new Client (/home/dheeraj/Documents/myprjct/demigod/node_modules/.pnpm/twilio@5.11.2/node_modules/twilio/lib/base/BaseTwilio.js:56:18)
    at new Twilio (/home/dheeraj/Documents/myprjct/demigod/node_modules/.pnpm/twilio@5.11.2/node_modules/twilio/lib/rest/Twilio.js:33:9)
    at new TwilioSMSProvider (/home/dheeraj/Documents/myprjct/demigod/apps/demi-service/src/modules/notification/providers/twilio-sms.provider.ts:29:21)
    at TestingInjector.instantiateClass (/home/dheeraj/Documents/myprjct/demigod/node_modules/.pnpm/@nestjs+core@11.1.11_@nestjs+common@11.1.11_class-transformer@0.5.1_class-validator@0.1_f21698ce7579297634c2f3d29d9e4f76/node_modules/@nestjs/core/injector/injector.js:422:19)
    at callback (/home/dheeraj/Documents/myprjct/demigod/node_modules/.pnpm/@nestjs+core@11.1.11_@nestjs+common@11.1.11_class-transformer@0.5.1_class-validator@0.1_f21698ce7579297634c2f3d29d9e4f76/node_modules/@nestjs/core/injector/injector.js:70:45)
    at processTicksAndRejections (node:internal/process/task_queues:103:5)
    at TestingInjector.resolveConstructorParams (/home/dheeraj/Documents/myprjct/demigod/node_modules/.pnpm/@nestjs+core@11.1.11_@nestjs+common@11.1.11_class-transformer@0.5.1_class-validator@0.1_f21698ce7579297634c2f3d29d9e4f76/node_modules/@nestjs/core/injector/injector.js:170:24)
    at TestingInjector.loadInstance (/home/dheeraj/Documents/myprjct/demigod/node_modules/.pnpm/@nestjs+core@11.1.11_@nestjs+common@11.1.11_class-transformer@0.5.1_class-validator@0.1_f21698ce7579297634c2f3d29d9e4f76/node_modules/@nestjs/core/injector/injector.js:75:13)
    at TestingInjector.loadProvider (/home/dheeraj/Documents/myprjct/demigod/node_modules/.pnpm/@nestjs+core@11.1.11_@nestjs+common@11.1.11_class-transformer@0.5.1_class-validator@0.1_f21698ce7579297634c2f3d29d9e4f76/node_modules/@nestjs/core/injector/injector.js:103:9)
    at /home/dheeraj/Documents/myprjct/demigod/node_modules/.pnpm/@nestjs+core@11.1.11_@nestjs+common@11.1.11_class-transformer@0.5.1_class-validator@0.1_f21698ce7579297634c2f3d29d9e4f76/node_modules/@nestjs/core/injector/instance-loader.js:56:13
    at async Promise.all (index 11)
    at TestingInstanceLoader.createInstancesOfProviders (/home/dheeraj/Documents/myprjct/demigod/node_modules/.pnpm/@nestjs+core@11.1.11_@nestjs+common@11.1.11_class-transformer@0.5.1_class-validator@0.1_f21698ce7579297634c2f3d29d9e4f76/node_modules/@nestjs/core/injector/instance-loader.js:55:9)
    at /home/dheeraj/Documents/myprjct/demigod/node_modules/.pnpm/@nestjs+core@11.1.11_@nestjs+common@11.1.11_class-transformer@0.5.1_class-validator@0.1_f21698ce7579297634c2f3d29d9e4f76/node_modules/@nestjs/core/injector/instance-loader.js:40:13
    at async Promise.all (index 16)
    at TestingInstanceLoader.createInstances (/home/dheeraj/Documents/myprjct/demigod/node_modules/.pnpm/@nestjs+core@11.1.11_@nestjs+common@11.1.11_class-transformer@0.5.1_class-validator@0.1_f21698ce7579297634c2f3d29d9e4f76/node_modules/@nestjs/core/injector/instance-loader.js:39:9)
    at TestingInstanceLoader.createInstancesOfDependencies (/home/dheeraj/Documents/myprjct/demigod/node_modules/.pnpm/@nestjs+core@11.1.11_@nestjs+common@11.1.11_class-transformer@0.5.1_class-validator@0.1_f21698ce7579297634c2f3d29d9e4f76/node_modules/@nestjs/core/injector/instance-loader.js:22:13)
    at TestingInstanceLoader.createInstancesOfDependencies (/home/dheeraj/Documents/myprjct/demigod/node_modules/.pnpm/@nestjs+testing@11.1.11_@nestjs+common@11.1.11_class-transformer@0.5.1_class-validator@_3fc36f2f1c7ab9cbb54b77e0b685ec37/node_modules/@nestjs/testing/testing-instance-loader.js:9:9)
    at TestingModuleBuilder.createInstancesOfDependencies (/home/dheeraj/Documents/myprjct/demigod/node_modules/.pnpm/@nestjs+testing@11.1.11_@nestjs+common@11.1.11_class-transformer@0.5.1_class-validator@_3fc36f2f1c7ab9cbb54b77e0b685ec37/node_modules/@nestjs/testing/testing-module.builder.js:118:9)
    at TestingModuleBuilder.compile (/home/dheeraj/Documents/myprjct/demigod/node_modules/.pnpm/@nestjs+testing@11.1.11_@nestjs+common@11.1.11_class-transformer@0.5.1_class-validator@_3fc36f2f1c7ab9cbb54b77e0b685ec37/node_modules/@nestjs/testing/testing-module.builder.js:74:9)
    at Object.&lt;anonymous&gt; (/home/dheeraj/Documents/myprjct/demigod/apps/demi-service/test/e2e/auth.e2e-spec.ts:15:42)</failure>
    </testcase>
    <testcase classname="Auth Module (E2E) POST /api/v1/auth/refresh should reject invalid refresh token" name="Auth Module (E2E) POST /api/v1/auth/refresh should reject invalid refresh token" time="0">
      <failure>Error: accountSid must start with AC
    at Twilio.setAccountSid (/home/dheeraj/Documents/myprjct/demigod/node_modules/.pnpm/twilio@5.11.2/node_modules/twilio/lib/base/BaseTwilio.js:94:23)
    at new Client (/home/dheeraj/Documents/myprjct/demigod/node_modules/.pnpm/twilio@5.11.2/node_modules/twilio/lib/base/BaseTwilio.js:56:18)
    at new Twilio (/home/dheeraj/Documents/myprjct/demigod/node_modules/.pnpm/twilio@5.11.2/node_modules/twilio/lib/rest/Twilio.js:33:9)
    at new TwilioSMSProvider (/home/dheeraj/Documents/myprjct/demigod/apps/demi-service/src/modules/notification/providers/twilio-sms.provider.ts:29:21)
    at TestingInjector.instantiateClass (/home/dheeraj/Documents/myprjct/demigod/node_modules/.pnpm/@nestjs+core@11.1.11_@nestjs+common@11.1.11_class-transformer@0.5.1_class-validator@0.1_f21698ce7579297634c2f3d29d9e4f76/node_modules/@nestjs/core/injector/injector.js:422:19)
    at callback (/home/dheeraj/Documents/myprjct/demigod/node_modules/.pnpm/@nestjs+core@11.1.11_@nestjs+common@11.1.11_class-transformer@0.5.1_class-validator@0.1_f21698ce7579297634c2f3d29d9e4f76/node_modules/@nestjs/core/injector/injector.js:70:45)
    at processTicksAndRejections (node:internal/process/task_queues:103:5)
    at TestingInjector.resolveConstructorParams (/home/dheeraj/Documents/myprjct/demigod/node_modules/.pnpm/@nestjs+core@11.1.11_@nestjs+common@11.1.11_class-transformer@0.5.1_class-validator@0.1_f21698ce7579297634c2f3d29d9e4f76/node_modules/@nestjs/core/injector/injector.js:170:24)
    at TestingInjector.loadInstance (/home/dheeraj/Documents/myprjct/demigod/node_modules/.pnpm/@nestjs+core@11.1.11_@nestjs+common@11.1.11_class-transformer@0.5.1_class-validator@0.1_f21698ce7579297634c2f3d29d9e4f76/node_modules/@nestjs/core/injector/injector.js:75:13)
    at TestingInjector.loadProvider (/home/dheeraj/Documents/myprjct/demigod/node_modules/.pnpm/@nestjs+core@11.1.11_@nestjs+common@11.1.11_class-transformer@0.5.1_class-validator@0.1_f21698ce7579297634c2f3d29d9e4f76/node_modules/@nestjs/core/injector/injector.js:103:9)
    at /home/dheeraj/Documents/myprjct/demigod/node_modules/.pnpm/@nestjs+core@11.1.11_@nestjs+common@11.1.11_class-transformer@0.5.1_class-validator@0.1_f21698ce7579297634c2f3d29d9e4f76/node_modules/@nestjs/core/injector/instance-loader.js:56:13
    at async Promise.all (index 11)
    at TestingInstanceLoader.createInstancesOfProviders (/home/dheeraj/Documents/myprjct/demigod/node_modules/.pnpm/@nestjs+core@11.1.11_@nestjs+common@11.1.11_class-transformer@0.5.1_class-validator@0.1_f21698ce7579297634c2f3d29d9e4f76/node_modules/@nestjs/core/injector/instance-loader.js:55:9)
    at /home/dheeraj/Documents/myprjct/demigod/node_modules/.pnpm/@nestjs+core@11.1.11_@nestjs+common@11.1.11_class-transformer@0.5.1_class-validator@0.1_f21698ce7579297634c2f3d29d9e4f76/node_modules/@nestjs/core/injector/instance-loader.js:40:13
    at async Promise.all (index 16)
    at TestingInstanceLoader.createInstances (/home/dheeraj/Documents/myprjct/demigod/node_modules/.pnpm/@nestjs+core@11.1.11_@nestjs+common@11.1.11_class-transformer@0.5.1_class-validator@0.1_f21698ce7579297634c2f3d29d9e4f76/node_modules/@nestjs/core/injector/instance-loader.js:39:9)
    at TestingInstanceLoader.createInstancesOfDependencies (/home/dheeraj/Documents/myprjct/demigod/node_modules/.pnpm/@nestjs+core@11.1.11_@nestjs+common@11.1.11_class-transformer@0.5.1_class-validator@0.1_f21698ce7579297634c2f3d29d9e4f76/node_modules/@nestjs/core/injector/instance-loader.js:22:13)
    at TestingInstanceLoader.createInstancesOfDependencies (/home/dheeraj/Documents/myprjct/demigod/node_modules/.pnpm/@nestjs+testing@11.1.11_@nestjs+common@11.1.11_class-transformer@0.5.1_class-validator@_3fc36f2f1c7ab9cbb54b77e0b685ec37/node_modules/@nestjs/testing/testing-instance-loader.js:9:9)
    at TestingModuleBuilder.createInstancesOfDependencies (/home/dheeraj/Documents/myprjct/demigod/node_modules/.pnpm/@nestjs+testing@11.1.11_@nestjs+common@11.1.11_class-transformer@0.5.1_class-validator@_3fc36f2f1c7ab9cbb54b77e0b685ec37/node_modules/@nestjs/testing/testing-module.builder.js:118:9)
    at TestingModuleBuilder.compile (/home/dheeraj/Documents/myprjct/demigod/node_modules/.pnpm/@nestjs+testing@11.1.11_@nestjs+common@11.1.11_class-transformer@0.5.1_class-validator@_3fc36f2f1c7ab9cbb54b77e0b685ec37/node_modules/@nestjs/testing/testing-module.builder.js:74:9)
    at Object.&lt;anonymous&gt; (/home/dheeraj/Documents/myprjct/demigod/apps/demi-service/test/e2e/auth.e2e-spec.ts:15:42)</failure>
    </testcase>
    <testcase classname="Auth Module (E2E) POST /api/v1/auth/logout should logout successfully" name="Auth Module (E2E) POST /api/v1/auth/logout should logout successfully" time="0">
      <failure>Error: accountSid must start with AC
    at Twilio.setAccountSid (/home/dheeraj/Documents/myprjct/demigod/node_modules/.pnpm/twilio@5.11.2/node_modules/twilio/lib/base/BaseTwilio.js:94:23)
    at new Client (/home/dheeraj/Documents/myprjct/demigod/node_modules/.pnpm/twilio@5.11.2/node_modules/twilio/lib/base/BaseTwilio.js:56:18)
    at new Twilio (/home/dheeraj/Documents/myprjct/demigod/node_modules/.pnpm/twilio@5.11.2/node_modules/twilio/lib/rest/Twilio.js:33:9)
    at new TwilioSMSProvider (/home/dheeraj/Documents/myprjct/demigod/apps/demi-service/src/modules/notification/providers/twilio-sms.provider.ts:29:21)
    at TestingInjector.instantiateClass (/home/dheeraj/Documents/myprjct/demigod/node_modules/.pnpm/@nestjs+core@11.1.11_@nestjs+common@11.1.11_class-transformer@0.5.1_class-validator@0.1_f21698ce7579297634c2f3d29d9e4f76/node_modules/@nestjs/core/injector/injector.js:422:19)
    at callback (/home/dheeraj/Documents/myprjct/demigod/node_modules/.pnpm/@nestjs+core@11.1.11_@nestjs+common@11.1.11_class-transformer@0.5.1_class-validator@0.1_f21698ce7579297634c2f3d29d9e4f76/node_modules/@nestjs/core/injector/injector.js:70:45)
    at processTicksAndRejections (node:internal/process/task_queues:103:5)
    at TestingInjector.resolveConstructorParams (/home/dheeraj/Documents/myprjct/demigod/node_modules/.pnpm/@nestjs+core@11.1.11_@nestjs+common@11.1.11_class-transformer@0.5.1_class-validator@0.1_f21698ce7579297634c2f3d29d9e4f76/node_modules/@nestjs/core/injector/injector.js:170:24)
    at TestingInjector.loadInstance (/home/dheeraj/Documents/myprjct/demigod/node_modules/.pnpm/@nestjs+core@11.1.11_@nestjs+common@11.1.11_class-transformer@0.5.1_class-validator@0.1_f21698ce7579297634c2f3d29d9e4f76/node_modules/@nestjs/core/injector/injector.js:75:13)
    at TestingInjector.loadProvider (/home/dheeraj/Documents/myprjct/demigod/node_modules/.pnpm/@nestjs+core@11.1.11_@nestjs+common@11.1.11_class-transformer@0.5.1_class-validator@0.1_f21698ce7579297634c2f3d29d9e4f76/node_modules/@nestjs/core/injector/injector.js:103:9)
    at /home/dheeraj/Documents/myprjct/demigod/node_modules/.pnpm/@nestjs+core@11.1.11_@nestjs+common@11.1.11_class-transformer@0.5.1_class-validator@0.1_f21698ce7579297634c2f3d29d9e4f76/node_modules/@nestjs/core/injector/instance-loader.js:56:13
    at async Promise.all (index 11)
    at TestingInstanceLoader.createInstancesOfProviders (/home/dheeraj/Documents/myprjct/demigod/node_modules/.pnpm/@nestjs+core@11.1.11_@nestjs+common@11.1.11_class-transformer@0.5.1_class-validator@0.1_f21698ce7579297634c2f3d29d9e4f76/node_modules/@nestjs/core/injector/instance-loader.js:55:9)
    at /home/dheeraj/Documents/myprjct/demigod/node_modules/.pnpm/@nestjs+core@11.1.11_@nestjs+common@11.1.11_class-transformer@0.5.1_class-validator@0.1_f21698ce7579297634c2f3d29d9e4f76/node_modules/@nestjs/core/injector/instance-loader.js:40:13
    at async Promise.all (index 16)
    at TestingInstanceLoader.createInstances (/home/dheeraj/Documents/myprjct/demigod/node_modules/.pnpm/@nestjs+core@11.1.11_@nestjs+common@11.1.11_class-transformer@0.5.1_class-validator@0.1_f21698ce7579297634c2f3d29d9e4f76/node_modules/@nestjs/core/injector/instance-loader.js:39:9)
    at TestingInstanceLoader.createInstancesOfDependencies (/home/dheeraj/Documents/myprjct/demigod/node_modules/.pnpm/@nestjs+core@11.1.11_@nestjs+common@11.1.11_class-transformer@0.5.1_class-validator@0.1_f21698ce7579297634c2f3d29d9e4f76/node_modules/@nestjs/core/injector/instance-loader.js:22:13)
    at TestingInstanceLoader.createInstancesOfDependencies (/home/dheeraj/Documents/myprjct/demigod/node_modules/.pnpm/@nestjs+testing@11.1.11_@nestjs+common@11.1.11_class-transformer@0.5.1_class-validator@_3fc36f2f1c7ab9cbb54b77e0b685ec37/node_modules/@nestjs/testing/testing-instance-loader.js:9:9)
    at TestingModuleBuilder.createInstancesOfDependencies (/home/dheeraj/Documents/myprjct/demigod/node_modules/.pnpm/@nestjs+testing@11.1.11_@nestjs+common@11.1.11_class-transformer@0.5.1_class-validator@_3fc36f2f1c7ab9cbb54b77e0b685ec37/node_modules/@nestjs/testing/testing-module.builder.js:118:9)
    at TestingModuleBuilder.compile (/home/dheeraj/Documents/myprjct/demigod/node_modules/.pnpm/@nestjs+testing@11.1.11_@nestjs+common@11.1.11_class-transformer@0.5.1_class-validator@_3fc36f2f1c7ab9cbb54b77e0b685ec37/node_modules/@nestjs/testing/testing-module.builder.js:74:9)
    at Object.&lt;anonymous&gt; (/home/dheeraj/Documents/myprjct/demigod/apps/demi-service/test/e2e/auth.e2e-spec.ts:15:42)</failure>
    </testcase>
    <testcase classname="Auth Module (E2E) GET /api/v1/auth/profile should get current user profile" name="Auth Module (E2E) GET /api/v1/auth/profile should get current user profile" time="0">
      <failure>Error: accountSid must start with AC
    at Twilio.setAccountSid (/home/dheeraj/Documents/myprjct/demigod/node_modules/.pnpm/twilio@5.11.2/node_modules/twilio/lib/base/BaseTwilio.js:94:23)
    at new Client (/home/dheeraj/Documents/myprjct/demigod/node_modules/.pnpm/twilio@5.11.2/node_modules/twilio/lib/base/BaseTwilio.js:56:18)
    at new Twilio (/home/dheeraj/Documents/myprjct/demigod/node_modules/.pnpm/twilio@5.11.2/node_modules/twilio/lib/rest/Twilio.js:33:9)
    at new TwilioSMSProvider (/home/dheeraj/Documents/myprjct/demigod/apps/demi-service/src/modules/notification/providers/twilio-sms.provider.ts:29:21)
    at TestingInjector.instantiateClass (/home/dheeraj/Documents/myprjct/demigod/node_modules/.pnpm/@nestjs+core@11.1.11_@nestjs+common@11.1.11_class-transformer@0.5.1_class-validator@0.1_f21698ce7579297634c2f3d29d9e4f76/node_modules/@nestjs/core/injector/injector.js:422:19)
    at callback (/home/dheeraj/Documents/myprjct/demigod/node_modules/.pnpm/@nestjs+core@11.1.11_@nestjs+common@11.1.11_class-transformer@0.5.1_class-validator@0.1_f21698ce7579297634c2f3d29d9e4f76/node_modules/@nestjs/core/injector/injector.js:70:45)
    at processTicksAndRejections (node:internal/process/task_queues:103:5)
    at TestingInjector.resolveConstructorParams (/home/dheeraj/Documents/myprjct/demigod/node_modules/.pnpm/@nestjs+core@11.1.11_@nestjs+common@11.1.11_class-transformer@0.5.1_class-validator@0.1_f21698ce7579297634c2f3d29d9e4f76/node_modules/@nestjs/core/injector/injector.js:170:24)
    at TestingInjector.loadInstance (/home/dheeraj/Documents/myprjct/demigod/node_modules/.pnpm/@nestjs+core@11.1.11_@nestjs+common@11.1.11_class-transformer@0.5.1_class-validator@0.1_f21698ce7579297634c2f3d29d9e4f76/node_modules/@nestjs/core/injector/injector.js:75:13)
    at TestingInjector.loadProvider (/home/dheeraj/Documents/myprjct/demigod/node_modules/.pnpm/@nestjs+core@11.1.11_@nestjs+common@11.1.11_class-transformer@0.5.1_class-validator@0.1_f21698ce7579297634c2f3d29d9e4f76/node_modules/@nestjs/core/injector/injector.js:103:9)
    at /home/dheeraj/Documents/myprjct/demigod/node_modules/.pnpm/@nestjs+core@11.1.11_@nestjs+common@11.1.11_class-transformer@0.5.1_class-validator@0.1_f21698ce7579297634c2f3d29d9e4f76/node_modules/@nestjs/core/injector/instance-loader.js:56:13
    at async Promise.all (index 11)
    at TestingInstanceLoader.createInstancesOfProviders (/home/dheeraj/Documents/myprjct/demigod/node_modules/.pnpm/@nestjs+core@11.1.11_@nestjs+common@11.1.11_class-transformer@0.5.1_class-validator@0.1_f21698ce7579297634c2f3d29d9e4f76/node_modules/@nestjs/core/injector/instance-loader.js:55:9)
    at /home/dheeraj/Documents/myprjct/demigod/node_modules/.pnpm/@nestjs+core@11.1.11_@nestjs+common@11.1.11_class-transformer@0.5.1_class-validator@0.1_f21698ce7579297634c2f3d29d9e4f76/node_modules/@nestjs/core/injector/instance-loader.js:40:13
    at async Promise.all (index 16)
    at TestingInstanceLoader.createInstances (/home/dheeraj/Documents/myprjct/demigod/node_modules/.pnpm/@nestjs+core@11.1.11_@nestjs+common@11.1.11_class-transformer@0.5.1_class-validator@0.1_f21698ce7579297634c2f3d29d9e4f76/node_modules/@nestjs/core/injector/instance-loader.js:39:9)
    at TestingInstanceLoader.createInstancesOfDependencies (/home/dheeraj/Documents/myprjct/demigod/node_modules/.pnpm/@nestjs+core@11.1.11_@nestjs+common@11.1.11_class-transformer@0.5.1_class-validator@0.1_f21698ce7579297634c2f3d29d9e4f76/node_modules/@nestjs/core/injector/instance-loader.js:22:13)
    at TestingInstanceLoader.createInstancesOfDependencies (/home/dheeraj/Documents/myprjct/demigod/node_modules/.pnpm/@nestjs+testing@11.1.11_@nestjs+common@11.1.11_class-transformer@0.5.1_class-validator@_3fc36f2f1c7ab9cbb54b77e0b685ec37/node_modules/@nestjs/testing/testing-instance-loader.js:9:9)
    at TestingModuleBuilder.createInstancesOfDependencies (/home/dheeraj/Documents/myprjct/demigod/node_modules/.pnpm/@nestjs+testing@11.1.11_@nestjs+common@11.1.11_class-transformer@0.5.1_class-validator@_3fc36f2f1c7ab9cbb54b77e0b685ec37/node_modules/@nestjs/testing/testing-module.builder.js:118:9)
    at TestingModuleBuilder.compile (/home/dheeraj/Documents/myprjct/demigod/node_modules/.pnpm/@nestjs+testing@11.1.11_@nestjs+common@11.1.11_class-transformer@0.5.1_class-validator@_3fc36f2f1c7ab9cbb54b77e0b685ec37/node_modules/@nestjs/testing/testing-module.builder.js:74:9)
    at Object.&lt;anonymous&gt; (/home/dheeraj/Documents/myprjct/demigod/apps/demi-service/test/e2e/auth.e2e-spec.ts:15:42)</failure>
    </testcase>
    <testcase classname="Auth Module (E2E) GET /api/v1/auth/profile should reject unauthenticated request" name="Auth Module (E2E) GET /api/v1/auth/profile should reject unauthenticated request" time="0">
      <failure>Error: accountSid must start with AC
    at Twilio.setAccountSid (/home/dheeraj/Documents/myprjct/demigod/node_modules/.pnpm/twilio@5.11.2/node_modules/twilio/lib/base/BaseTwilio.js:94:23)
    at new Client (/home/dheeraj/Documents/myprjct/demigod/node_modules/.pnpm/twilio@5.11.2/node_modules/twilio/lib/base/BaseTwilio.js:56:18)
    at new Twilio (/home/dheeraj/Documents/myprjct/demigod/node_modules/.pnpm/twilio@5.11.2/node_modules/twilio/lib/rest/Twilio.js:33:9)
    at new TwilioSMSProvider (/home/dheeraj/Documents/myprjct/demigod/apps/demi-service/src/modules/notification/providers/twilio-sms.provider.ts:29:21)
    at TestingInjector.instantiateClass (/home/dheeraj/Documents/myprjct/demigod/node_modules/.pnpm/@nestjs+core@11.1.11_@nestjs+common@11.1.11_class-transformer@0.5.1_class-validator@0.1_f21698ce7579297634c2f3d29d9e4f76/node_modules/@nestjs/core/injector/injector.js:422:19)
    at callback (/home/dheeraj/Documents/myprjct/demigod/node_modules/.pnpm/@nestjs+core@11.1.11_@nestjs+common@11.1.11_class-transformer@0.5.1_class-validator@0.1_f21698ce7579297634c2f3d29d9e4f76/node_modules/@nestjs/core/injector/injector.js:70:45)
    at processTicksAndRejections (node:internal/process/task_queues:103:5)
    at TestingInjector.resolveConstructorParams (/home/dheeraj/Documents/myprjct/demigod/node_modules/.pnpm/@nestjs+core@11.1.11_@nestjs+common@11.1.11_class-transformer@0.5.1_class-validator@0.1_f21698ce7579297634c2f3d29d9e4f76/node_modules/@nestjs/core/injector/injector.js:170:24)
    at TestingInjector.loadInstance (/home/dheeraj/Documents/myprjct/demigod/node_modules/.pnpm/@nestjs+core@11.1.11_@nestjs+common@11.1.11_class-transformer@0.5.1_class-validator@0.1_f21698ce7579297634c2f3d29d9e4f76/node_modules/@nestjs/core/injector/injector.js:75:13)
    at TestingInjector.loadProvider (/home/dheeraj/Documents/myprjct/demigod/node_modules/.pnpm/@nestjs+core@11.1.11_@nestjs+common@11.1.11_class-transformer@0.5.1_class-validator@0.1_f21698ce7579297634c2f3d29d9e4f76/node_modules/@nestjs/core/injector/injector.js:103:9)
    at /home/dheeraj/Documents/myprjct/demigod/node_modules/.pnpm/@nestjs+core@11.1.11_@nestjs+common@11.1.11_class-transformer@0.5.1_class-validator@0.1_f21698ce7579297634c2f3d29d9e4f76/node_modules/@nestjs/core/injector/instance-loader.js:56:13
    at async Promise.all (index 11)
    at TestingInstanceLoader.createInstancesOfProviders (/home/dheeraj/Documents/myprjct/demigod/node_modules/.pnpm/@nestjs+core@11.1.11_@nestjs+common@11.1.11_class-transformer@0.5.1_class-validator@0.1_f21698ce7579297634c2f3d29d9e4f76/node_modules/@nestjs/core/injector/instance-loader.js:55:9)
    at /home/dheeraj/Documents/myprjct/demigod/node_modules/.pnpm/@nestjs+core@11.1.11_@nestjs+common@11.1.11_class-transformer@0.5.1_class-validator@0.1_f21698ce7579297634c2f3d29d9e4f76/node_modules/@nestjs/core/injector/instance-loader.js:40:13
    at async Promise.all (index 16)
    at TestingInstanceLoader.createInstances (/home/dheeraj/Documents/myprjct/demigod/node_modules/.pnpm/@nestjs+core@11.1.11_@nestjs+common@11.1.11_class-transformer@0.5.1_class-validator@0.1_f21698ce7579297634c2f3d29d9e4f76/node_modules/@nestjs/core/injector/instance-loader.js:39:9)
    at TestingInstanceLoader.createInstancesOfDependencies (/home/dheeraj/Documents/myprjct/demigod/node_modules/.pnpm/@nestjs+core@11.1.11_@nestjs+common@11.1.11_class-transformer@0.5.1_class-validator@0.1_f21698ce7579297634c2f3d29d9e4f76/node_modules/@nestjs/core/injector/instance-loader.js:22:13)
    at TestingInstanceLoader.createInstancesOfDependencies (/home/dheeraj/Documents/myprjct/demigod/node_modules/.pnpm/@nestjs+testing@11.1.11_@nestjs+common@11.1.11_class-transformer@0.5.1_class-validator@_3fc36f2f1c7ab9cbb54b77e0b685ec37/node_modules/@nestjs/testing/testing-instance-loader.js:9:9)
    at TestingModuleBuilder.createInstancesOfDependencies (/home/dheeraj/Documents/myprjct/demigod/node_modules/.pnpm/@nestjs+testing@11.1.11_@nestjs+common@11.1.11_class-transformer@0.5.1_class-validator@_3fc36f2f1c7ab9cbb54b77e0b685ec37/node_modules/@nestjs/testing/testing-module.builder.js:118:9)
    at TestingModuleBuilder.compile (/home/dheeraj/Documents/myprjct/demigod/node_modules/.pnpm/@nestjs+testing@11.1.11_@nestjs+common@11.1.11_class-transformer@0.5.1_class-validator@_3fc36f2f1c7ab9cbb54b77e0b685ec37/node_modules/@nestjs/testing/testing-module.builder.js:74:9)
    at Object.&lt;anonymous&gt; (/home/dheeraj/Documents/myprjct/demigod/apps/demi-service/test/e2e/auth.e2e-spec.ts:15:42)</failure>
    </testcase>
    <testcase classname="Auth Module (E2E) POST /api/v1/auth/change-password should change password successfully" name="Auth Module (E2E) POST /api/v1/auth/change-password should change password successfully" time="0">
      <failure>Error: accountSid must start with AC
    at Twilio.setAccountSid (/home/dheeraj/Documents/myprjct/demigod/node_modules/.pnpm/twilio@5.11.2/node_modules/twilio/lib/base/BaseTwilio.js:94:23)
    at new Client (/home/dheeraj/Documents/myprjct/demigod/node_modules/.pnpm/twilio@5.11.2/node_modules/twilio/lib/base/BaseTwilio.js:56:18)
    at new Twilio (/home/dheeraj/Documents/myprjct/demigod/node_modules/.pnpm/twilio@5.11.2/node_modules/twilio/lib/rest/Twilio.js:33:9)
    at new TwilioSMSProvider (/home/dheeraj/Documents/myprjct/demigod/apps/demi-service/src/modules/notification/providers/twilio-sms.provider.ts:29:21)
    at TestingInjector.instantiateClass (/home/dheeraj/Documents/myprjct/demigod/node_modules/.pnpm/@nestjs+core@11.1.11_@nestjs+common@11.1.11_class-transformer@0.5.1_class-validator@0.1_f21698ce7579297634c2f3d29d9e4f76/node_modules/@nestjs/core/injector/injector.js:422:19)
    at callback (/home/dheeraj/Documents/myprjct/demigod/node_modules/.pnpm/@nestjs+core@11.1.11_@nestjs+common@11.1.11_class-transformer@0.5.1_class-validator@0.1_f21698ce7579297634c2f3d29d9e4f76/node_modules/@nestjs/core/injector/injector.js:70:45)
    at processTicksAndRejections (node:internal/process/task_queues:103:5)
    at TestingInjector.resolveConstructorParams (/home/dheeraj/Documents/myprjct/demigod/node_modules/.pnpm/@nestjs+core@11.1.11_@nestjs+common@11.1.11_class-transformer@0.5.1_class-validator@0.1_f21698ce7579297634c2f3d29d9e4f76/node_modules/@nestjs/core/injector/injector.js:170:24)
    at TestingInjector.loadInstance (/home/dheeraj/Documents/myprjct/demigod/node_modules/.pnpm/@nestjs+core@11.1.11_@nestjs+common@11.1.11_class-transformer@0.5.1_class-validator@0.1_f21698ce7579297634c2f3d29d9e4f76/node_modules/@nestjs/core/injector/injector.js:75:13)
    at TestingInjector.loadProvider (/home/dheeraj/Documents/myprjct/demigod/node_modules/.pnpm/@nestjs+core@11.1.11_@nestjs+common@11.1.11_class-transformer@0.5.1_class-validator@0.1_f21698ce7579297634c2f3d29d9e4f76/node_modules/@nestjs/core/injector/injector.js:103:9)
    at /home/dheeraj/Documents/myprjct/demigod/node_modules/.pnpm/@nestjs+core@11.1.11_@nestjs+common@11.1.11_class-transformer@0.5.1_class-validator@0.1_f21698ce7579297634c2f3d29d9e4f76/node_modules/@nestjs/core/injector/instance-loader.js:56:13
    at async Promise.all (index 11)
    at TestingInstanceLoader.createInstancesOfProviders (/home/dheeraj/Documents/myprjct/demigod/node_modules/.pnpm/@nestjs+core@11.1.11_@nestjs+common@11.1.11_class-transformer@0.5.1_class-validator@0.1_f21698ce7579297634c2f3d29d9e4f76/node_modules/@nestjs/core/injector/instance-loader.js:55:9)
    at /home/dheeraj/Documents/myprjct/demigod/node_modules/.pnpm/@nestjs+core@11.1.11_@nestjs+common@11.1.11_class-transformer@0.5.1_class-validator@0.1_f21698ce7579297634c2f3d29d9e4f76/node_modules/@nestjs/core/injector/instance-loader.js:40:13
    at async Promise.all (index 16)
    at TestingInstanceLoader.createInstances (/home/dheeraj/Documents/myprjct/demigod/node_modules/.pnpm/@nestjs+core@11.1.11_@nestjs+common@11.1.11_class-transformer@0.5.1_class-validator@0.1_f21698ce7579297634c2f3d29d9e4f76/node_modules/@nestjs/core/injector/instance-loader.js:39:9)
    at TestingInstanceLoader.createInstancesOfDependencies (/home/dheeraj/Documents/myprjct/demigod/node_modules/.pnpm/@nestjs+core@11.1.11_@nestjs+common@11.1.11_class-transformer@0.5.1_class-validator@0.1_f21698ce7579297634c2f3d29d9e4f76/node_modules/@nestjs/core/injector/instance-loader.js:22:13)
    at TestingInstanceLoader.createInstancesOfDependencies (/home/dheeraj/Documents/myprjct/demigod/node_modules/.pnpm/@nestjs+testing@11.1.11_@nestjs+common@11.1.11_class-transformer@0.5.1_class-validator@_3fc36f2f1c7ab9cbb54b77e0b685ec37/node_modules/@nestjs/testing/testing-instance-loader.js:9:9)
    at TestingModuleBuilder.createInstancesOfDependencies (/home/dheeraj/Documents/myprjct/demigod/node_modules/.pnpm/@nestjs+testing@11.1.11_@nestjs+common@11.1.11_class-transformer@0.5.1_class-validator@_3fc36f2f1c7ab9cbb54b77e0b685ec37/node_modules/@nestjs/testing/testing-module.builder.js:118:9)
    at TestingModuleBuilder.compile (/home/dheeraj/Documents/myprjct/demigod/node_modules/.pnpm/@nestjs+testing@11.1.11_@nestjs+common@11.1.11_class-transformer@0.5.1_class-validator@_3fc36f2f1c7ab9cbb54b77e0b685ec37/node_modules/@nestjs/testing/testing-module.builder.js:74:9)
    at Object.&lt;anonymous&gt; (/home/dheeraj/Documents/myprjct/demigod/apps/demi-service/test/e2e/auth.e2e-spec.ts:15:42)</failure>
    </testcase>
    <testcase classname="Auth Module (E2E) POST /api/v1/auth/change-password should reject wrong old password" name="Auth Module (E2E) POST /api/v1/auth/change-password should reject wrong old password" time="0">
      <failure>Error: accountSid must start with AC
    at Twilio.setAccountSid (/home/dheeraj/Documents/myprjct/demigod/node_modules/.pnpm/twilio@5.11.2/node_modules/twilio/lib/base/BaseTwilio.js:94:23)
    at new Client (/home/dheeraj/Documents/myprjct/demigod/node_modules/.pnpm/twilio@5.11.2/node_modules/twilio/lib/base/BaseTwilio.js:56:18)
    at new Twilio (/home/dheeraj/Documents/myprjct/demigod/node_modules/.pnpm/twilio@5.11.2/node_modules/twilio/lib/rest/Twilio.js:33:9)
    at new TwilioSMSProvider (/home/dheeraj/Documents/myprjct/demigod/apps/demi-service/src/modules/notification/providers/twilio-sms.provider.ts:29:21)
    at TestingInjector.instantiateClass (/home/dheeraj/Documents/myprjct/demigod/node_modules/.pnpm/@nestjs+core@11.1.11_@nestjs+common@11.1.11_class-transformer@0.5.1_class-validator@0.1_f21698ce7579297634c2f3d29d9e4f76/node_modules/@nestjs/core/injector/injector.js:422:19)
    at callback (/home/dheeraj/Documents/myprjct/demigod/node_modules/.pnpm/@nestjs+core@11.1.11_@nestjs+common@11.1.11_class-transformer@0.5.1_class-validator@0.1_f21698ce7579297634c2f3d29d9e4f76/node_modules/@nestjs/core/injector/injector.js:70:45)
    at processTicksAndRejections (node:internal/process/task_queues:103:5)
    at TestingInjector.resolveConstructorParams (/home/dheeraj/Documents/myprjct/demigod/node_modules/.pnpm/@nestjs+core@11.1.11_@nestjs+common@11.1.11_class-transformer@0.5.1_class-validator@0.1_f21698ce7579297634c2f3d29d9e4f76/node_modules/@nestjs/core/injector/injector.js:170:24)
    at TestingInjector.loadInstance (/home/dheeraj/Documents/myprjct/demigod/node_modules/.pnpm/@nestjs+core@11.1.11_@nestjs+common@11.1.11_class-transformer@0.5.1_class-validator@0.1_f21698ce7579297634c2f3d29d9e4f76/node_modules/@nestjs/core/injector/injector.js:75:13)
    at TestingInjector.loadProvider (/home/dheeraj/Documents/myprjct/demigod/node_modules/.pnpm/@nestjs+core@11.1.11_@nestjs+common@11.1.11_class-transformer@0.5.1_class-validator@0.1_f21698ce7579297634c2f3d29d9e4f76/node_modules/@nestjs/core/injector/injector.js:103:9)
    at /home/dheeraj/Documents/myprjct/demigod/node_modules/.pnpm/@nestjs+core@11.1.11_@nestjs+common@11.1.11_class-transformer@0.5.1_class-validator@0.1_f21698ce7579297634c2f3d29d9e4f76/node_modules/@nestjs/core/injector/instance-loader.js:56:13
    at async Promise.all (index 11)
    at TestingInstanceLoader.createInstancesOfProviders (/home/dheeraj/Documents/myprjct/demigod/node_modules/.pnpm/@nestjs+core@11.1.11_@nestjs+common@11.1.11_class-transformer@0.5.1_class-validator@0.1_f21698ce7579297634c2f3d29d9e4f76/node_modules/@nestjs/core/injector/instance-loader.js:55:9)
    at /home/dheeraj/Documents/myprjct/demigod/node_modules/.pnpm/@nestjs+core@11.1.11_@nestjs+common@11.1.11_class-transformer@0.5.1_class-validator@0.1_f21698ce7579297634c2f3d29d9e4f76/node_modules/@nestjs/core/injector/instance-loader.js:40:13
    at async Promise.all (index 16)
    at TestingInstanceLoader.createInstances (/home/dheeraj/Documents/myprjct/demigod/node_modules/.pnpm/@nestjs+core@11.1.11_@nestjs+common@11.1.11_class-transformer@0.5.1_class-validator@0.1_f21698ce7579297634c2f3d29d9e4f76/node_modules/@nestjs/core/injector/instance-loader.js:39:9)
    at TestingInstanceLoader.createInstancesOfDependencies (/home/dheeraj/Documents/myprjct/demigod/node_modules/.pnpm/@nestjs+core@11.1.11_@nestjs+common@11.1.11_class-transformer@0.5.1_class-validator@0.1_f21698ce7579297634c2f3d29d9e4f76/node_modules/@nestjs/core/injector/instance-loader.js:22:13)
    at TestingInstanceLoader.createInstancesOfDependencies (/home/dheeraj/Documents/myprjct/demigod/node_modules/.pnpm/@nestjs+testing@11.1.11_@nestjs+common@11.1.11_class-transformer@0.5.1_class-validator@_3fc36f2f1c7ab9cbb54b77e0b685ec37/node_modules/@nestjs/testing/testing-instance-loader.js:9:9)
    at TestingModuleBuilder.createInstancesOfDependencies (/home/dheeraj/Documents/myprjct/demigod/node_modules/.pnpm/@nestjs+testing@11.1.11_@nestjs+common@11.1.11_class-transformer@0.5.1_class-validator@_3fc36f2f1c7ab9cbb54b77e0b685ec37/node_modules/@nestjs/testing/testing-module.builder.js:118:9)
    at TestingModuleBuilder.compile (/home/dheeraj/Documents/myprjct/demigod/node_modules/.pnpm/@nestjs+testing@11.1.11_@nestjs+common@11.1.11_class-transformer@0.5.1_class-validator@_3fc36f2f1c7ab9cbb54b77e0b685ec37/node_modules/@nestjs/testing/testing-module.builder.js:74:9)
    at Object.&lt;anonymous&gt; (/home/dheeraj/Documents/myprjct/demigod/apps/demi-service/test/e2e/auth.e2e-spec.ts:15:42)</failure>
    </testcase>
    <testcase classname="Auth Module (E2E) POST /api/v1/auth/forgot-password should send password reset email" name="Auth Module (E2E) POST /api/v1/auth/forgot-password should send password reset email" time="0">
      <failure>Error: accountSid must start with AC
    at Twilio.setAccountSid (/home/dheeraj/Documents/myprjct/demigod/node_modules/.pnpm/twilio@5.11.2/node_modules/twilio/lib/base/BaseTwilio.js:94:23)
    at new Client (/home/dheeraj/Documents/myprjct/demigod/node_modules/.pnpm/twilio@5.11.2/node_modules/twilio/lib/base/BaseTwilio.js:56:18)
    at new Twilio (/home/dheeraj/Documents/myprjct/demigod/node_modules/.pnpm/twilio@5.11.2/node_modules/twilio/lib/rest/Twilio.js:33:9)
    at new TwilioSMSProvider (/home/dheeraj/Documents/myprjct/demigod/apps/demi-service/src/modules/notification/providers/twilio-sms.provider.ts:29:21)
    at TestingInjector.instantiateClass (/home/dheeraj/Documents/myprjct/demigod/node_modules/.pnpm/@nestjs+core@11.1.11_@nestjs+common@11.1.11_class-transformer@0.5.1_class-validator@0.1_f21698ce7579297634c2f3d29d9e4f76/node_modules/@nestjs/core/injector/injector.js:422:19)
    at callback (/home/dheeraj/Documents/myprjct/demigod/node_modules/.pnpm/@nestjs+core@11.1.11_@nestjs+common@11.1.11_class-transformer@0.5.1_class-validator@0.1_f21698ce7579297634c2f3d29d9e4f76/node_modules/@nestjs/core/injector/injector.js:70:45)
    at processTicksAndRejections (node:internal/process/task_queues:103:5)
    at TestingInjector.resolveConstructorParams (/home/dheeraj/Documents/myprjct/demigod/node_modules/.pnpm/@nestjs+core@11.1.11_@nestjs+common@11.1.11_class-transformer@0.5.1_class-validator@0.1_f21698ce7579297634c2f3d29d9e4f76/node_modules/@nestjs/core/injector/injector.js:170:24)
    at TestingInjector.loadInstance (/home/dheeraj/Documents/myprjct/demigod/node_modules/.pnpm/@nestjs+core@11.1.11_@nestjs+common@11.1.11_class-transformer@0.5.1_class-validator@0.1_f21698ce7579297634c2f3d29d9e4f76/node_modules/@nestjs/core/injector/injector.js:75:13)
    at TestingInjector.loadProvider (/home/dheeraj/Documents/myprjct/demigod/node_modules/.pnpm/@nestjs+core@11.1.11_@nestjs+common@11.1.11_class-transformer@0.5.1_class-validator@0.1_f21698ce7579297634c2f3d29d9e4f76/node_modules/@nestjs/core/injector/injector.js:103:9)
    at /home/dheeraj/Documents/myprjct/demigod/node_modules/.pnpm/@nestjs+core@11.1.11_@nestjs+common@11.1.11_class-transformer@0.5.1_class-validator@0.1_f21698ce7579297634c2f3d29d9e4f76/node_modules/@nestjs/core/injector/instance-loader.js:56:13
    at async Promise.all (index 11)
    at TestingInstanceLoader.createInstancesOfProviders (/home/dheeraj/Documents/myprjct/demigod/node_modules/.pnpm/@nestjs+core@11.1.11_@nestjs+common@11.1.11_class-transformer@0.5.1_class-validator@0.1_f21698ce7579297634c2f3d29d9e4f76/node_modules/@nestjs/core/injector/instance-loader.js:55:9)
    at /home/dheeraj/Documents/myprjct/demigod/node_modules/.pnpm/@nestjs+core@11.1.11_@nestjs+common@11.1.11_class-transformer@0.5.1_class-validator@0.1_f21698ce7579297634c2f3d29d9e4f76/node_modules/@nestjs/core/injector/instance-loader.js:40:13
    at async Promise.all (index 16)
    at TestingInstanceLoader.createInstances (/home/dheeraj/Documents/myprjct/demigod/node_modules/.pnpm/@nestjs+core@11.1.11_@nestjs+common@11.1.11_class-transformer@0.5.1_class-validator@0.1_f21698ce7579297634c2f3d29d9e4f76/node_modules/@nestjs/core/injector/instance-loader.js:39:9)
    at TestingInstanceLoader.createInstancesOfDependencies (/home/dheeraj/Documents/myprjct/demigod/node_modules/.pnpm/@nestjs+core@11.1.11_@nestjs+common@11.1.11_class-transformer@0.5.1_class-validator@0.1_f21698ce7579297634c2f3d29d9e4f76/node_modules/@nestjs/core/injector/instance-loader.js:22:13)
    at TestingInstanceLoader.createInstancesOfDependencies (/home/dheeraj/Documents/myprjct/demigod/node_modules/.pnpm/@nestjs+testing@11.1.11_@nestjs+common@11.1.11_class-transformer@0.5.1_class-validator@_3fc36f2f1c7ab9cbb54b77e0b685ec37/node_modules/@nestjs/testing/testing-instance-loader.js:9:9)
    at TestingModuleBuilder.createInstancesOfDependencies (/home/dheeraj/Documents/myprjct/demigod/node_modules/.pnpm/@nestjs+testing@11.1.11_@nestjs+common@11.1.11_class-transformer@0.5.1_class-validator@_3fc36f2f1c7ab9cbb54b77e0b685ec37/node_modules/@nestjs/testing/testing-module.builder.js:118:9)
    at TestingModuleBuilder.compile (/home/dheeraj/Documents/myprjct/demigod/node_modules/.pnpm/@nestjs+testing@11.1.11_@nestjs+common@11.1.11_class-transformer@0.5.1_class-validator@_3fc36f2f1c7ab9cbb54b77e0b685ec37/node_modules/@nestjs/testing/testing-module.builder.js:74:9)
    at Object.&lt;anonymous&gt; (/home/dheeraj/Documents/myprjct/demigod/apps/demi-service/test/e2e/auth.e2e-spec.ts:15:42)</failure>
    </testcase>
    <testcase classname="Auth Module (E2E) POST /api/v1/auth/forgot-password should not reveal if email does not exist" name="Auth Module (E2E) POST /api/v1/auth/forgot-password should not reveal if email does not exist" time="0">
      <failure>Error: accountSid must start with AC
    at Twilio.setAccountSid (/home/dheeraj/Documents/myprjct/demigod/node_modules/.pnpm/twilio@5.11.2/node_modules/twilio/lib/base/BaseTwilio.js:94:23)
    at new Client (/home/dheeraj/Documents/myprjct/demigod/node_modules/.pnpm/twilio@5.11.2/node_modules/twilio/lib/base/BaseTwilio.js:56:18)
    at new Twilio (/home/dheeraj/Documents/myprjct/demigod/node_modules/.pnpm/twilio@5.11.2/node_modules/twilio/lib/rest/Twilio.js:33:9)
    at new TwilioSMSProvider (/home/dheeraj/Documents/myprjct/demigod/apps/demi-service/src/modules/notification/providers/twilio-sms.provider.ts:29:21)
    at TestingInjector.instantiateClass (/home/dheeraj/Documents/myprjct/demigod/node_modules/.pnpm/@nestjs+core@11.1.11_@nestjs+common@11.1.11_class-transformer@0.5.1_class-validator@0.1_f21698ce7579297634c2f3d29d9e4f76/node_modules/@nestjs/core/injector/injector.js:422:19)
    at callback (/home/dheeraj/Documents/myprjct/demigod/node_modules/.pnpm/@nestjs+core@11.1.11_@nestjs+common@11.1.11_class-transformer@0.5.1_class-validator@0.1_f21698ce7579297634c2f3d29d9e4f76/node_modules/@nestjs/core/injector/injector.js:70:45)
    at processTicksAndRejections (node:internal/process/task_queues:103:5)
    at TestingInjector.resolveConstructorParams (/home/dheeraj/Documents/myprjct/demigod/node_modules/.pnpm/@nestjs+core@11.1.11_@nestjs+common@11.1.11_class-transformer@0.5.1_class-validator@0.1_f21698ce7579297634c2f3d29d9e4f76/node_modules/@nestjs/core/injector/injector.js:170:24)
    at TestingInjector.loadInstance (/home/dheeraj/Documents/myprjct/demigod/node_modules/.pnpm/@nestjs+core@11.1.11_@nestjs+common@11.1.11_class-transformer@0.5.1_class-validator@0.1_f21698ce7579297634c2f3d29d9e4f76/node_modules/@nestjs/core/injector/injector.js:75:13)
    at TestingInjector.loadProvider (/home/dheeraj/Documents/myprjct/demigod/node_modules/.pnpm/@nestjs+core@11.1.11_@nestjs+common@11.1.11_class-transformer@0.5.1_class-validator@0.1_f21698ce7579297634c2f3d29d9e4f76/node_modules/@nestjs/core/injector/injector.js:103:9)
    at /home/dheeraj/Documents/myprjct/demigod/node_modules/.pnpm/@nestjs+core@11.1.11_@nestjs+common@11.1.11_class-transformer@0.5.1_class-validator@0.1_f21698ce7579297634c2f3d29d9e4f76/node_modules/@nestjs/core/injector/instance-loader.js:56:13
    at async Promise.all (index 11)
    at TestingInstanceLoader.createInstancesOfProviders (/home/dheeraj/Documents/myprjct/demigod/node_modules/.pnpm/@nestjs+core@11.1.11_@nestjs+common@11.1.11_class-transformer@0.5.1_class-validator@0.1_f21698ce7579297634c2f3d29d9e4f76/node_modules/@nestjs/core/injector/instance-loader.js:55:9)
    at /home/dheeraj/Documents/myprjct/demigod/node_modules/.pnpm/@nestjs+core@11.1.11_@nestjs+common@11.1.11_class-transformer@0.5.1_class-validator@0.1_f21698ce7579297634c2f3d29d9e4f76/node_modules/@nestjs/core/injector/instance-loader.js:40:13
    at async Promise.all (index 16)
    at TestingInstanceLoader.createInstances (/home/dheeraj/Documents/myprjct/demigod/node_modules/.pnpm/@nestjs+core@11.1.11_@nestjs+common@11.1.11_class-transformer@0.5.1_class-validator@0.1_f21698ce7579297634c2f3d29d9e4f76/node_modules/@nestjs/core/injector/instance-loader.js:39:9)
    at TestingInstanceLoader.createInstancesOfDependencies (/home/dheeraj/Documents/myprjct/demigod/node_modules/.pnpm/@nestjs+core@11.1.11_@nestjs+common@11.1.11_class-transformer@0.5.1_class-validator@0.1_f21698ce7579297634c2f3d29d9e4f76/node_modules/@nestjs/core/injector/instance-loader.js:22:13)
    at TestingInstanceLoader.createInstancesOfDependencies (/home/dheeraj/Documents/myprjct/demigod/node_modules/.pnpm/@nestjs+testing@11.1.11_@nestjs+common@11.1.11_class-transformer@0.5.1_class-validator@_3fc36f2f1c7ab9cbb54b77e0b685ec37/node_modules/@nestjs/testing/testing-instance-loader.js:9:9)
    at TestingModuleBuilder.createInstancesOfDependencies (/home/dheeraj/Documents/myprjct/demigod/node_modules/.pnpm/@nestjs+testing@11.1.11_@nestjs+common@11.1.11_class-transformer@0.5.1_class-validator@_3fc36f2f1c7ab9cbb54b77e0b685ec37/node_modules/@nestjs/testing/testing-module.builder.js:118:9)
    at TestingModuleBuilder.compile (/home/dheeraj/Documents/myprjct/demigod/node_modules/.pnpm/@nestjs+testing@11.1.11_@nestjs+common@11.1.11_class-transformer@0.5.1_class-validator@_3fc36f2f1c7ab9cbb54b77e0b685ec37/node_modules/@nestjs/testing/testing-module.builder.js:74:9)
    at Object.&lt;anonymous&gt; (/home/dheeraj/Documents/myprjct/demigod/apps/demi-service/test/e2e/auth.e2e-spec.ts:15:42)</failure>
    </testcase>
    <testcase classname=" Test execution failure: could be caused by test hooks like &apos;afterAll&apos;." name=" Test execution failure: could be caused by test hooks like &apos;afterAll&apos;." time="0">
      <failure>{&quot;message&quot;:&quot;&quot;,&quot;stack&quot;:&quot;TypeError: Cannot read properties of undefined (reading &apos;close&apos;)\n    at Object.&lt;anonymous&gt; (/home/dheeraj/Documents/myprjct/demigod/apps/demi-service/test/e2e/auth.e2e-spec.ts:46:20)\n    at Promise.finally.completed (/home/dheeraj/Documents/myprjct/demigod/node_modules/.pnpm/jest-circus@30.2.0/node_modules/jest-circus/build/jestAdapterInit.js:1557:28)\n    at new Promise (&lt;anonymous&gt;)\n    at callAsyncCircusFn (/home/dheeraj/Documents/myprjct/demigod/node_modules/.pnpm/jest-circus@30.2.0/node_modules/jest-circus/build/jestAdapterInit.js:1497:10)\n    at _callCircusHook (/home/dheeraj/Documents/myprjct/demigod/node_modules/.pnpm/jest-circus@30.2.0/node_modules/jest-circus/build/jestAdapterInit.js:976:40)\n    at processTicksAndRejections (node:internal/process/task_queues:103:5)\n    at _runTestsForDescribeBlock (/home/dheeraj/Documents/myprjct/demigod/node_modules/.pnpm/jest-circus@30.2.0/node_modules/jest-circus/build/jestAdapterInit.js:891:7)\n    at _runTestsForDescribeBlock (/home/dheeraj/Documents/myprjct/demigod/node_modules/.pnpm/jest-circus@30.2.0/node_modules/jest-circus/build/jestAdapterInit.js:857:11)\n    at run (/home/dheeraj/Documents/myprjct/demigod/node_modules/.pnpm/jest-circus@30.2.0/node_modules/jest-circus/build/jestAdapterInit.js:761:3)\n    at runAndTransformResultsToJestFormat (/home/dheeraj/Documents/myprjct/demigod/node_modules/.pnpm/jest-circus@30.2.0/node_modules/jest-circus/build/jestAdapterInit.js:1918:21)\n    at jestAdapter (/home/dheeraj/Documents/myprjct/demigod/node_modules/.pnpm/jest-circus@30.2.0/node_modules/jest-circus/build/runner.js:101:19)\n    at runTestInternal (/home/dheeraj/Documents/myprjct/demigod/node_modules/.pnpm/jest-runner@30.2.0/node_modules/jest-runner/build/testWorker.js:275:16)\n    at runTest (/home/dheeraj/Documents/myprjct/demigod/node_modules/.pnpm/jest-runner@30.2.0/node_modules/jest-runner/build/testWorker.js:343:7)\n    at Object.worker (/home/dheeraj/Documents/myprjct/demigod/node_modules/.pnpm/jest-runner@30.2.0/node_modules/jest-runner/build/testWorker.js:497:12)&quot;}</failure>
    </testcase>
  </testsuite>
  <testsuite name="Company Module (E2E)" errors="0" failures="11" skipped="0" timestamp="2026-01-20T21:31:27" time="4.446" tests="11">
    <testcase classname="Company Module (E2E) POST /api/v1/companies should create a new company" name="Company Module (E2E) POST /api/v1/companies should create a new company" time="0.008">
      <failure>Error: accountSid must start with AC
    at Twilio.setAccountSid (/home/dheeraj/Documents/myprjct/demigod/node_modules/.pnpm/twilio@5.11.2/node_modules/twilio/lib/base/BaseTwilio.js:94:23)
    at new Client (/home/dheeraj/Documents/myprjct/demigod/node_modules/.pnpm/twilio@5.11.2/node_modules/twilio/lib/base/BaseTwilio.js:56:18)
    at new Twilio (/home/dheeraj/Documents/myprjct/demigod/node_modules/.pnpm/twilio@5.11.2/node_modules/twilio/lib/rest/Twilio.js:33:9)
    at new TwilioSMSProvider (/home/dheeraj/Documents/myprjct/demigod/apps/demi-service/src/modules/notification/providers/twilio-sms.provider.ts:29:21)
    at TestingInjector.instantiateClass (/home/dheeraj/Documents/myprjct/demigod/node_modules/.pnpm/@nestjs+core@11.1.11_@nestjs+common@11.1.11_class-transformer@0.5.1_class-validator@0.1_f21698ce7579297634c2f3d29d9e4f76/node_modules/@nestjs/core/injector/injector.js:422:19)
    at callback (/home/dheeraj/Documents/myprjct/demigod/node_modules/.pnpm/@nestjs+core@11.1.11_@nestjs+common@11.1.11_class-transformer@0.5.1_class-validator@0.1_f21698ce7579297634c2f3d29d9e4f76/node_modules/@nestjs/core/injector/injector.js:70:45)
    at processTicksAndRejections (node:internal/process/task_queues:103:5)
    at TestingInjector.resolveConstructorParams (/home/dheeraj/Documents/myprjct/demigod/node_modules/.pnpm/@nestjs+core@11.1.11_@nestjs+common@11.1.11_class-transformer@0.5.1_class-validator@0.1_f21698ce7579297634c2f3d29d9e4f76/node_modules/@nestjs/core/injector/injector.js:170:24)
    at TestingInjector.loadInstance (/home/dheeraj/Documents/myprjct/demigod/node_modules/.pnpm/@nestjs+core@11.1.11_@nestjs+common@11.1.11_class-transformer@0.5.1_class-validator@0.1_f21698ce7579297634c2f3d29d9e4f76/node_modules/@nestjs/core/injector/injector.js:75:13)
    at TestingInjector.loadProvider (/home/dheeraj/Documents/myprjct/demigod/node_modules/.pnpm/@nestjs+core@11.1.11_@nestjs+common@11.1.11_class-transformer@0.5.1_class-validator@0.1_f21698ce7579297634c2f3d29d9e4f76/node_modules/@nestjs/core/injector/injector.js:103:9)
    at /home/dheeraj/Documents/myprjct/demigod/node_modules/.pnpm/@nestjs+core@11.1.11_@nestjs+common@11.1.11_class-transformer@0.5.1_class-validator@0.1_f21698ce7579297634c2f3d29d9e4f76/node_modules/@nestjs/core/injector/instance-loader.js:56:13
    at async Promise.all (index 11)
    at TestingInstanceLoader.createInstancesOfProviders (/home/dheeraj/Documents/myprjct/demigod/node_modules/.pnpm/@nestjs+core@11.1.11_@nestjs+common@11.1.11_class-transformer@0.5.1_class-validator@0.1_f21698ce7579297634c2f3d29d9e4f76/node_modules/@nestjs/core/injector/instance-loader.js:55:9)
    at /home/dheeraj/Documents/myprjct/demigod/node_modules/.pnpm/@nestjs+core@11.1.11_@nestjs+common@11.1.11_class-transformer@0.5.1_class-validator@0.1_f21698ce7579297634c2f3d29d9e4f76/node_modules/@nestjs/core/injector/instance-loader.js:40:13
    at async Promise.all (index 16)
    at TestingInstanceLoader.createInstances (/home/dheeraj/Documents/myprjct/demigod/node_modules/.pnpm/@nestjs+core@11.1.11_@nestjs+common@11.1.11_class-transformer@0.5.1_class-validator@0.1_f21698ce7579297634c2f3d29d9e4f76/node_modules/@nestjs/core/injector/instance-loader.js:39:9)
    at TestingInstanceLoader.createInstancesOfDependencies (/home/dheeraj/Documents/myprjct/demigod/node_modules/.pnpm/@nestjs+core@11.1.11_@nestjs+common@11.1.11_class-transformer@0.5.1_class-validator@0.1_f21698ce7579297634c2f3d29d9e4f76/node_modules/@nestjs/core/injector/instance-loader.js:22:13)
    at TestingInstanceLoader.createInstancesOfDependencies (/home/dheeraj/Documents/myprjct/demigod/node_modules/.pnpm/@nestjs+testing@11.1.11_@nestjs+common@11.1.11_class-transformer@0.5.1_class-validator@_3fc36f2f1c7ab9cbb54b77e0b685ec37/node_modules/@nestjs/testing/testing-instance-loader.js:9:9)
    at TestingModuleBuilder.createInstancesOfDependencies (/home/dheeraj/Documents/myprjct/demigod/node_modules/.pnpm/@nestjs+testing@11.1.11_@nestjs+common@11.1.11_class-transformer@0.5.1_class-validator@_3fc36f2f1c7ab9cbb54b77e0b685ec37/node_modules/@nestjs/testing/testing-module.builder.js:118:9)
    at TestingModuleBuilder.compile (/home/dheeraj/Documents/myprjct/demigod/node_modules/.pnpm/@nestjs+testing@11.1.11_@nestjs+common@11.1.11_class-transformer@0.5.1_class-validator@_3fc36f2f1c7ab9cbb54b77e0b685ec37/node_modules/@nestjs/testing/testing-module.builder.js:74:9)
    at Object.&lt;anonymous&gt; (/home/dheeraj/Documents/myprjct/demigod/apps/demi-service/test/e2e/company.e2e-spec.ts:19:42)</failure>
    </testcase>
    <testcase classname="Company Module (E2E) POST /api/v1/companies should reject duplicate company email" name="Company Module (E2E) POST /api/v1/companies should reject duplicate company email" time="0">
      <failure>Error: accountSid must start with AC
    at Twilio.setAccountSid (/home/dheeraj/Documents/myprjct/demigod/node_modules/.pnpm/twilio@5.11.2/node_modules/twilio/lib/base/BaseTwilio.js:94:23)
    at new Client (/home/dheeraj/Documents/myprjct/demigod/node_modules/.pnpm/twilio@5.11.2/node_modules/twilio/lib/base/BaseTwilio.js:56:18)
    at new Twilio (/home/dheeraj/Documents/myprjct/demigod/node_modules/.pnpm/twilio@5.11.2/node_modules/twilio/lib/rest/Twilio.js:33:9)
    at new TwilioSMSProvider (/home/dheeraj/Documents/myprjct/demigod/apps/demi-service/src/modules/notification/providers/twilio-sms.provider.ts:29:21)
    at TestingInjector.instantiateClass (/home/dheeraj/Documents/myprjct/demigod/node_modules/.pnpm/@nestjs+core@11.1.11_@nestjs+common@11.1.11_class-transformer@0.5.1_class-validator@0.1_f21698ce7579297634c2f3d29d9e4f76/node_modules/@nestjs/core/injector/injector.js:422:19)
[...]
    at TestingInjector.resolveConstructorParams (/home/dheeraj/Documents/myprjct/demigod/node_modules/.pnpm/@nestjs+core@11.1.11_@nestjs+common@11.1.11_class-transformer@0.5.1_class-validator@0.1_f21698ce7579297634c2f3d29d9e4f76/node_modules/@nestjs/core/injector/injector.js:170:24)
    at TestingInjector.loadInstance (/home/dheeraj/Documents/myprjct/demigod/node_modules/.pnpm/@nestjs+core@11.1.11_@nestjs+common@11.1.11_class-transformer@0.5.1_class-validator@0.1_f21698ce7579297634c2f3d29d9e4f76/node_modules/@nestjs/core/injector/injector.js:75:13)
    at TestingInjector.loadProvider (/home/dheeraj/Documents/myprjct/demigod/node_modules/.pnpm/@nestjs+core@11.1.11_@nestjs+common@11.1.11_class-transformer@0.5.1_class-validator@0.1_f21698ce7579297634c2f3d29d9e4f76/node_modules/@nestjs/core/injector/injector.js:103:9)
    at /home/dheeraj/Documents/myprjct/demigod/node_modules/.pnpm/@nestjs+core@11.1.11_@nestjs+common@11.1.11_class-transformer@0.5.1_class-validator@0.1_f21698ce7579297634c2f3d29d9e4f76/node_modules/@nestjs/core/injector/instance-loader.js:56:13
    at async Promise.all (index 11)
    at TestingInstanceLoader.createInstancesOfProviders (/home/dheeraj/Documents/myprjct/demigod/node_modules/.pnpm/@nestjs+core@11.1.11_@nestjs+common@11.1.11_class-transformer@0.5.1_class-validator@0.1_f21698ce7579297634c2f3d29d9e4f76/node_modules/@nestjs/core/injector/instance-loader.js:55:9)
    at /home/dheeraj/Documents/myprjct/demigod/node_modules/.pnpm/@nestjs+core@11.1.11_@nestjs+common@11.1.11_class-transformer@0.5.1_class-validator@0.1_f21698ce7579297634c2f3d29d9e4f76/node_modules/@nestjs/core/injector/instance-loader.js:40:13
    at async Promise.all (index 16)
    at TestingInstanceLoader.createInstances (/home/dheeraj/Documents/myprjct/demigod/node_modules/.pnpm/@nestjs+core@11.1.11_@nestjs+common@11.1.11_class-transformer@0.5.1_class-validator@0.1_f21698ce7579297634c2f3d29d9e4f76/node_modules/@nestjs/core/injector/instance-loader.js:39:9)
    at TestingInstanceLoader.createInstancesOfDependencies (/home/dheeraj/Documents/myprjct/demigod/node_modules/.pnpm/@nestjs+core@11.1.11_@nestjs+common@11.1.11_class-transformer@0.5.1_class-validator@0.1_f21698ce7579297634c2f3d29d9e4f76/node_modules/@nestjs/core/injector/instance-loader.js:22:13)
    at TestingInstanceLoader.createInstancesOfDependencies (/home/dheeraj/Documents/myprjct/demigod/node_modules/.pnpm/@nestjs+testing@11.1.11_@nestjs+common@11.1.11_class-transformer@0.5.1_class-validator@_3fc36f2f1c7ab9cbb54b77e0b685ec37/node_modules/@nestjs/testing/testing-instance-loader.js:9:9)
    at TestingModuleBuilder.createInstancesOfDependencies (/home/dheeraj/Documents/myprjct/demigod/node_modules/.pnpm/@nestjs+testing@11.1.11_@nestjs+common@11.1.11_class-transformer@0.5.1_class-validator@_3fc36f2f1c7ab9cbb54b77e0b685ec37/node_modules/@nestjs/testing/testing-module.builder.js:118:9)
    at TestingModuleBuilder.compile (/home/dheeraj/Documents/myprjct/demigod/node_modules/.pnpm/@nestjs+testing@11.1.11_@nestjs+common@11.1.11_class-transformer@0.5.1_class-validator@_3fc36f2f1c7ab9cbb54b77e0b685ec37/node_modules/@nestjs/testing/testing-module.builder.js:74:9)
    at Object.&lt;anonymous&gt; (/home/dheeraj/Documents/myprjct/demigod/apps/demi-service/test/e2e/company.e2e-spec.ts:19:42)</failure>
    </testcase>
    <testcase classname="Company Module (E2E) PATCH /api/v1/companies/:id should update company" name="Company Module (E2E) PATCH /api/v1/companies/:id should update company" time="0">
      <failure>Error: accountSid must start with AC
    at Twilio.setAccountSid (/home/dheeraj/Documents/myprjct/demigod/node_modules/.pnpm/twilio@5.11.2/node_modules/twilio/lib/base/BaseTwilio.js:94:23)
    at new Client (/home/dheeraj/Documents/myprjct/demigod/node_modules/.pnpm/twilio@5.11.2/node_modules/twilio/lib/base/BaseTwilio.js:56:18)
    at new Twilio (/home/dheeraj/Documents/myprjct/demigod/node_modules/.pnpm/twilio@5.11.2/node_modules/twilio/lib/rest/Twilio.js:33:9)
    at new TwilioSMSProvider (/home/dheeraj/Documents/myprjct/demigod/apps/demi-service/src/modules/notification/providers/twilio-sms.provider.ts:29:21)
    at TestingInjector.instantiateClass (/home/dheeraj/Documents/myprjct/demigod/node_modules/.pnpm/@nestjs+core@11.1.11_@nestjs+common@11.1.11_class-transformer@0.5.1_class-validator@0.1_f21698ce7579297634c2f3d29d9e4f76/node_modules/@nestjs/core/injector/injector.js:422:19)
    at callback (/home/dheeraj/Documents/myprjct/demigod/node_modules/.pnpm/@nestjs+core@11.1.11_@nestjs+common@11.1.11_class-transformer@0.5.1_class-validator@0.1_f21698ce7579297634c2f3d29d9e4f76/node_modules/@nestjs/core/injector/injector.js:70:45)
    at processTicksAndRejections (node:internal/process/task_queues:103:5)
    at TestingInjector.resolveConstructorParams (/home/dheeraj/Documents/myprjct/demigod/node_modules/.pnpm/@nestjs+core@11.1.11_@nestjs+common@11.1.11_class-transformer@0.5.1_class-validator@0.1_f21698ce7579297634c2f3d29d9e4f76/node_modules/@nestjs/core/injector/injector.js:170:24)
    at TestingInjector.loadInstance (/home/dheeraj/Documents/myprjct/demigod/node_modules/.pnpm/@nestjs+core@11.1.11_@nestjs+common@11.1.11_class-transformer@0.5.1_class-validator@0.1_f21698ce7579297634c2f3d29d9e4f76/node_modules/@nestjs/core/injector/injector.js:75:13)
    at TestingInjector.loadProvider (/home/dheeraj/Documents/myprjct/demigod/node_modules/.pnpm/@nestjs+core@11.1.11_@nestjs+common@11.1.11_class-transformer@0.5.1_class-validator@0.1_f21698ce7579297634c2f3d29d9e4f76/node_modules/@nestjs/core/injector/injector.js:103:9)
    at /home/dheeraj/Documents/myprjct/demigod/node_modules/.pnpm/@nestjs+core@11.1.11_@nestjs+common@11.1.11_class-transformer@0.5.1_class-validator@0.1_f21698ce7579297634c2f3d29d9e4f76/node_modules/@nestjs/core/injector/instance-loader.js:56:13
    at async Promise.all (index 11)
    at TestingInstanceLoader.createInstancesOfProviders (/home/dheeraj/Documents/myprjct/demigod/node_modules/.pnpm/@nestjs+core@11.1.11_@nestjs+common@11.1.11_class-transformer@0.5.1_class-validator@0.1_f21698ce7579297634c2f3d29d9e4f76/node_modules/@nestjs/core/injector/instance-loader.js:55:9)
    at /home/dheeraj/Documents/myprjct/demigod/node_modules/.pnpm/@nestjs+core@11.1.11_@nestjs+common@11.1.11_class-transformer@0.5.1_class-validator@0.1_f21698ce7579297634c2f3d29d9e4f76/node_modules/@nestjs/core/injector/instance-loader.js:40:13
    at async Promise.all (index 16)
    at TestingInstanceLoader.createInstances (/home/dheeraj/Documents/myprjct/demigod/node_modules/.pnpm/@nestjs+core@11.1.11_@nestjs+common@11.1.11_class-transformer@0.5.1_class-validator@0.1_f21698ce7579297634c2f3d29d9e4f76/node_modules/@nestjs/core/injector/instance-loader.js:39:9)
    at TestingInstanceLoader.createInstancesOfDependencies (/home/dheeraj/Documents/myprjct/demigod/node_modules/.pnpm/@nestjs+core@11.1.11_@nestjs+common@11.1.11_class-transformer@0.5.1_class-validator@0.1_f21698ce7579297634c2f3d29d9e4f76/node_modules/@nestjs/core/injector/instance-loader.js:22:13)
    at TestingInstanceLoader.createInstancesOfDependencies (/home/dheeraj/Documents/myprjct/demigod/node_modules/.pnpm/@nestjs+testing@11.1.11_@nestjs+common@11.1.11_class-transformer@0.5.1_class-validator@_3fc36f2f1c7ab9cbb54b77e0b685ec37/node_modules/@nestjs/testing/testing-instance-loader.js:9:9)
    at TestingModuleBuilder.createInstancesOfDependencies (/home/dheeraj/Documents/myprjct/demigod/node_modules/.pnpm/@nestjs+testing@11.1.11_@nestjs+common@11.1.11_class-transformer@0.5.1_class-validator@_3fc36f2f1c7ab9cbb54b77e0b685ec37/node_modules/@nestjs/testing/testing-module.builder.js:118:9)
    at TestingModuleBuilder.compile (/home/dheeraj/Documents/myprjct/demigod/node_modules/.pnpm/@nestjs+testing@11.1.11_@nestjs+common@11.1.11_class-transformer@0.5.1_class-validator@_3fc36f2f1c7ab9cbb54b77e0b685ec37/node_modules/@nestjs/testing/testing-module.builder.js:74:9)
    at Object.&lt;anonymous&gt; (/home/dheeraj/Documents/myprjct/demigod/apps/demi-service/test/e2e/company.e2e-spec.ts:19:42)</failure>
    </testcase>
    <testcase classname="Company Module (E2E) DELETE /api/v1/companies/:id should soft delete company" name="Company Module (E2E) DELETE /api/v1/companies/:id should soft delete company" time="0">
      <failure>Error: accountSid must start with AC
    at Twilio.setAccountSid (/home/dheeraj/Documents/myprjct/demigod/node_modules/.pnpm/twilio@5.11.2/node_modules/twilio/lib/base/BaseTwilio.js:94:23)
    at new Client (/home/dheeraj/Documents/myprjct/demigod/node_modules/.pnpm/twilio@5.11.2/node_modules/twilio/lib/base/BaseTwilio.js:56:18)
    at new Twilio (/home/dheeraj/Documents/myprjct/demigod/node_modules/.pnpm/twilio@5.11.2/node_modules/twilio/lib/rest/Twilio.js:33:9)
    at new TwilioSMSProvider (/home/dheeraj/Documents/myprjct/demigod/apps/demi-service/src/modules/notification/providers/twilio-sms.provider.ts:29:21)
    at TestingInjector.instantiateClass (/home/dheeraj/Documents/myprjct/demigod/node_modules/.pnpm/@nestjs+core@11.1.11_@nestjs+common@11.1.11_class-transformer@0.5.1_class-validator@0.1_f21698ce7579297634c2f3d29d9e4f76/node_modules/@nestjs/core/injector/injector.js:422:19)
    at callback (/home/dheeraj/Documents/myprjct/demigod/node_modules/.pnpm/@nestjs+core@11.1.11_@nestjs+common@11.1.11_class-transformer@0.5.1_class-validator@0.1_f21698ce7579297634c2f3d29d9e4f76/node_modules/@nestjs/core/injector/injector.js:70:45)
    at processTicksAndRejections (node:internal/process/task_queues:103:5)
    at TestingInjector.resolveConstructorParams (/home/dheeraj/Documents/myprjct/demigod/node_modules/.pnpm/@nestjs+core@11.1.11_@nestjs+common@11.1.11_class-transformer@0.5.1_class-validator@0.1_f21698ce7579297634c2f3d29d9e4f76/node_modules/@nestjs/core/injector/injector.js:170:24)
    at TestingInjector.loadInstance (/home/dheeraj/Documents/myprjct/demigod/node_modules/.pnpm/@nestjs+core@11.1.11_@nestjs+common@11.1.11_class-transformer@0.5.1_class-validator@0.1_f21698ce7579297634c2f3d29d9e4f76/node_modules/@nestjs/core/injector/injector.js:75:13)
    at TestingInjector.loadProvider (/home/dheeraj/Documents/myprjct/demigod/node_modules/.pnpm/@nestjs+core@11.1.11_@nestjs+common@11.1.11_class-transformer@0.5.1_class-validator@0.1_f21698ce7579297634c2f3d29d9e4f76/node_modules/@nestjs/core/injector/injector.js:103:9)
    at /home/dheeraj/Documents/myprjct/demigod/node_modules/.pnpm/@nestjs+core@11.1.11_@nestjs+common@11.1.11_class-transformer@0.5.1_class-validator@0.1_f21698ce7579297634c2f3d29d9e4f76/node_modules/@nestjs/core/injector/instance-loader.js:56:13
    at async Promise.all (index 11)
    at TestingInstanceLoader.createInstancesOfProviders (/home/dheeraj/Documents/myprjct/demigod/node_modules/.pnpm/@nestjs+core@11.1.11_@nestjs+common@11.1.11_class-transformer@0.5.1_class-validator@0.1_f21698ce7579297634c2f3d29d9e4f76/node_modules/@nestjs/core/injector/instance-loader.js:55:9)
    at /home/dheeraj/Documents/myprjct/demigod/node_modules/.pnpm/@nestjs+core@11.1.11_@nestjs+common@11.1.11_class-transformer@0.5.1_class-validator@0.1_f21698ce7579297634c2f3d29d9e4f76/node_modules/@nestjs/core/injector/instance-loader.js:40:13
    at async Promise.all (index 16)
    at TestingInstanceLoader.createInstances (/home/dheeraj/Documents/myprjct/demigod/node_modules/.pnpm/@nestjs+core@11.1.11_@nestjs+common@11.1.11_class-transformer@0.5.1_class-validator@0.1_f21698ce7579297634c2f3d29d9e4f76/node_modules/@nestjs/core/injector/instance-loader.js:39:9)
    at TestingInstanceLoader.createInstancesOfDependencies (/home/dheeraj/Documents/myprjct/demigod/node_modules/.pnpm/@nestjs+core@11.1.11_@nestjs+common@11.1.11_class-transformer@0.5.1_class-validator@0.1_f21698ce7579297634c2f3d29d9e4f76/node_modules/@nestjs/core/injector/instance-loader.js:22:13)
    at TestingInstanceLoader.createInstancesOfDependencies (/home/dheeraj/Documents/myprjct/demigod/node_modules/.pnpm/@nestjs+testing@11.1.11_@nestjs+common@11.1.11_class-transformer@0.5.1_class-validator@_3fc36f2f1c7ab9cbb54b77e0b685ec37/node_modules/@nestjs/testing/testing-instance-loader.js:9:9)
    at TestingModuleBuilder.createInstancesOfDependencies (/home/dheeraj/Documents/myprjct/demigod/node_modules/.pnpm/@nestjs+testing@11.1.11_@nestjs+common@11.1.11_class-transformer@0.5.1_class-validator@_3fc36f2f1c7ab9cbb54b77e0b685ec37/node_modules/@nestjs/testing/testing-module.builder.js:118:9)
    at TestingModuleBuilder.compile (/home/dheeraj/Documents/myprjct/demigod/node_modules/.pnpm/@nestjs+testing@11.1.11_@nestjs+common@11.1.11_class-transformer@0.5.1_class-validator@_3fc36f2f1c7ab9cbb54b77e0b685ec37/node_modules/@nestjs/testing/testing-module.builder.js:74:9)
    at Object.&lt;anonymous&gt; (/home/dheeraj/Documents/myprjct/demigod/apps/demi-service/test/e2e/company.e2e-spec.ts:19:42)</failure>
    </testcase>
    <testcase classname="Company Module (E2E) GET /api/v1/companies/:id/stats should get company statistics" name="Company Module (E2E) GET /api/v1/companies/:id/stats should get company statistics" time="0">
      <failure>Error: accountSid must start with AC
    at Twilio.setAccountSid (/home/dheeraj/Documents/myprjct/demigod/node_modules/.pnpm/twilio@5.11.2/node_modules/twilio/lib/base/BaseTwilio.js:94:23)
    at new Client (/home/dheeraj/Documents/myprjct/demigod/node_modules/.pnpm/twilio@5.11.2/node_modules/twilio/lib/base/BaseTwilio.js:56:18)
    at new Twilio (/home/dheeraj/Documents/myprjct/demigod/node_modules/.pnpm/twilio@5.11.2/node_modules/twilio/lib/rest/Twilio.js:33:9)
    at new TwilioSMSProvider (/home/dheeraj/Documents/myprjct/demigod/apps/demi-service/src/modules/notification/providers/twilio-sms.provider.ts:29:21)
    at TestingInjector.instantiateClass (/home/dheeraj/Documents/myprjct/demigod/node_modules/.pnpm/@nestjs+core@11.1.11_@nestjs+common@11.1.11_class-transformer@0.5.1_class-validator@0.1_f21698ce7579297634c2f3d29d9e4f76/node_modules/@nestjs/core/injector/injector.js:422:19)
    at callback (/home/dheeraj/Documents/myprjct/demigod/node_modules/.pnpm/@nestjs+core@11.1.11_@nestjs+common@11.1.11_class-transformer@0.5.1_class-validator@0.1_f21698ce7579297634c2f3d29d9e4f76/node_modules/@nestjs/core/injector/injector.js:70:45)
    at processTicksAndRejections (node:internal/process/task_queues:103:5)
    at TestingInjector.resolveConstructorParams (/home/dheeraj/Documents/myprjct/demigod/node_modules/.pnpm/@nestjs+core@11.1.11_@nestjs+common@11.1.11_class-transformer@0.5.1_class-validator@0.1_f21698ce7579297634c2f3d29d9e4f76/node_modules/@nestjs/core/injector/injector.js:170:24)
    at TestingInjector.loadInstance (/home/dheeraj/Documents/myprjct/demigod/node_modules/.pnpm/@nestjs+core@11.1.11_@nestjs+common@11.1.11_class-transformer@0.5.1_class-validator@0.1_f21698ce7579297634c2f3d29d9e4f76/node_modules/@nestjs/core/injector/injector.js:75:13)
    at TestingInjector.loadProvider (/home/dheeraj/Documents/myprjct/demigod/node_modules/.pnpm/@nestjs+core@11.1.11_@nestjs+common@11.1.11_class-transformer@0.5.1_class-validator@0.1_f21698ce7579297634c2f3d29d9e4f76/node_modules/@nestjs/core/injector/injector.js:103:9)
    at /home/dheeraj/Documents/myprjct/demigod/node_modules/.pnpm/@nestjs+core@11.1.11_@nestjs+common@11.1.11_class-transformer@0.5.1_class-validator@0.1_f21698ce7579297634c2f3d29d9e4f76/node_modules/@nestjs/core/injector/instance-loader.js:56:13
    at async Promise.all (index 11)
    at TestingInstanceLoader.createInstancesOfProviders (/home/dheeraj/Documents/myprjct/demigod/node_modules/.pnpm/@nestjs+core@11.1.11_@nestjs+common@11.1.11_class-transformer@0.5.1_class-validator@0.1_f21698ce7579297634c2f3d29d9e4f76/node_modules/@nestjs/core/injector/instance-loader.js:55:9)
    at /home/dheeraj/Documents/myprjct/demigod/node_modules/.pnpm/@nestjs+core@11.1.11_@nestjs+common@11.1.11_class-transformer@0.5.1_class-validator@0.1_f21698ce7579297634c2f3d29d9e4f76/node_modules/@nestjs/core/injector/instance-loader.js:40:13
    at async Promise.all (index 16)
    at TestingInstanceLoader.createInstances (/home/dheeraj/Documents/myprjct/demigod/node_modules/.pnpm/@nestjs+core@11.1.11_@nestjs+common@11.1.11_class-transformer@0.5.1_class-validator@0.1_f21698ce7579297634c2f3d29d9e4f76/node_modules/@nestjs/core/injector/instance-loader.js:39:9)
    at TestingInstanceLoader.createInstancesOfDependencies (/home/dheeraj/Documents/myprjct/demigod/node_modules/.pnpm/@nestjs+core@11.1.11_@nestjs+common@11.1.11_class-transformer@0.5.1_class-validator@0.1_f21698ce7579297634c2f3d29d9e4f76/node_modules/@nestjs/core/injector/instance-loader.js:22:13)
    at TestingInstanceLoader.createInstancesOfDependencies (/home/dheeraj/Documents/myprjct/demigod/node_modules/.pnpm/@nestjs+testing@11.1.11_@nestjs+common@11.1.11_class-transformer@0.5.1_class-validator@_3fc36f2f1c7ab9cbb54b77e0b685ec37/node_modules/@nestjs/testing/testing-instance-loader.js:9:9)
    at TestingModuleBuilder.createInstancesOfDependencies (/home/dheeraj/Documents/myprjct/demigod/node_modules/.pnpm/@nestjs+testing@11.1.11_@nestjs+common@11.1.11_class-transformer@0.5.1_class-validator@_3fc36f2f1c7ab9cbb54b77e0b685ec37/node_modules/@nestjs/testing/testing-module.builder.js:118:9)
    at TestingModuleBuilder.compile (/home/dheeraj/Documents/myprjct/demigod/node_modules/.pnpm/@nestjs+testing@11.1.11_@nestjs+common@11.1.11_class-transformer@0.5.1_class-validator@_3fc36f2f1c7ab9cbb54b77e0b685ec37/node_modules/@nestjs/testing/testing-module.builder.js:74:9)
    at Object.&lt;anonymous&gt; (/home/dheeraj/Documents/myprjct/demigod/apps/demi-service/test/e2e/company.e2e-spec.ts:19:42)</failure>
    </testcase>
    <testcase classname=" Test execution failure: could be caused by test hooks like &apos;afterAll&apos;." name=" Test execution failure: could be caused by test hooks like &apos;afterAll&apos;." time="0">
      <failure>{&quot;message&quot;:&quot;&quot;,&quot;stack&quot;:&quot;TypeError: Cannot read properties of undefined (reading &apos;close&apos;)\n    at Object.&lt;anonymous&gt; (/home/dheeraj/Documents/myprjct/demigod/apps/demi-service/test/e2e/company.e2e-spec.ts:53:20)\n    at Promise.finally.completed (/home/dheeraj/Documents/myprjct/demigod/node_modules/.pnpm/jest-circus@30.2.0/node_modules/jest-circus/build/jestAdapterInit.js:1557:28)\n    at new Promise (&lt;anonymous&gt;)\n    at callAsyncCircusFn (/home/dheeraj/Documents/myprjct/demigod/node_modules/.pnpm/jest-circus@30.2.0/node_modules/jest-circus/build/jestAdapterInit.js:1497:10)\n    at _callCircusHook (/home/dheeraj/Documents/myprjct/demigod/node_modules/.pnpm/jest-circus@30.2.0/node_modules/jest-circus/build/jestAdapterInit.js:976:40)\n    at processTicksAndRejections (node:internal/process/task_queues:103:5)\n    at _runTestsForDescribeBlock (/home/dheeraj/Documents/myprjct/demigod/node_modules/.pnpm/jest-circus@30.2.0/node_modules/jest-circus/build/jestAdapterInit.js:891:7)\n    at _runTestsForDescribeBlock (/home/dheeraj/Documents/myprjct/demigod/node_modules/.pnpm/jest-circus@30.2.0/node_modules/jest-circus/build/jestAdapterInit.js:857:11)\n    at run (/home/dheeraj/Documents/myprjct/demigod/node_modules/.pnpm/jest-circus@30.2.0/node_modules/jest-circus/build/jestAdapterInit.js:761:3)\n    at runAndTransformResultsToJestFormat (/home/dheeraj/Documents/myprjct/demigod/node_modules/.pnpm/jest-circus@30.2.0/node_modules/jest-circus/build/jestAdapterInit.js:1918:21)\n    at jestAdapter (/home/dheeraj/Documents/myprjct/demigod/node_modules/.pnpm/jest-circus@30.2.0/node_modules/jest-circus/build/runner.js:101:19)\n    at runTestInternal (/home/dheeraj/Documents/myprjct/demigod/node_modules/.pnpm/jest-runner@30.2.0/node_modules/jest-runner/build/testWorker.js:275:16)\n    at runTest (/home/dheeraj/Documents/myprjct/demigod/node_modules/.pnpm/jest-runner@30.2.0/node_modules/jest-runner/build/testWorker.js:343:7)\n    at Object.worker (/home/dheeraj/Documents/myprjct/demigod/node_modules/.pnpm/jest-runner@30.2.0/node_modules/jest-runner/build/testWorker.js:497:12)&quot;}</failure>
    </testcase>
  </testsuite>
</testsuites>